2024-08-12 20:36:44,545 [Worker-1: Loading available Gradle versions] INFO  o.e.b.c.i.u.g.PublishedGradleVersions - Gradle version information cache is up-to-date. Trying to read.
2024-08-12 20:37:15,166 [Worker-9: Building] INFO  o.e.m.c.i.l.LifecycleMappingFactory - Using org.eclipse.m2e.jdt.JarLifecycleMapping lifecycle mapping for MavenProject: com.pms:projectmanagement:0.0.1-SNAPSHOT @ C:\Users\swapnali\OneDrive\Desktop\Atoms-Unified Management System\For Trials\projectmanagement\pom.xml.
2024-08-12 20:37:18,651 [Worker-9: Building] INFO  o.a.m.s.f.DefaultMavenResourcesFiltering - Copying 1 resource from src\main\resources to target\classes
2024-08-12 20:37:18,683 [Worker-9: Building] INFO  o.a.m.s.f.DefaultMavenResourcesFiltering - Copying 0 resource from src\main\resources to target\classes
2024-08-12 20:37:18,691 [Worker-9: Building] INFO  o.a.m.s.f.DefaultMavenResourcesFiltering - skip non existing resourceDirectory C:\Users\swapnali\OneDrive\Desktop\Atoms-Unified Management System\For Trials\projectmanagement\src\test\resources
2024-08-12 20:37:21,745 [Worker-6: Building] INFO  o.a.m.s.f.DefaultMavenResourcesFiltering - Copying 1 resource from src\main\resources to target\classes
2024-08-12 20:37:21,750 [Worker-6: Building] INFO  o.a.m.s.f.DefaultMavenResourcesFiltering - Copying 0 resource from src\main\resources to target\classes
2024-08-12 20:37:21,759 [Worker-6: Building] INFO  o.a.m.s.f.DefaultMavenResourcesFiltering - skip non existing resourceDirectory C:\Users\swapnali\OneDrive\Desktop\Atoms-Unified Management System\For Trials\projectmanagement\src\test\resources
2024-08-12 20:37:40,122 [Worker-2: Updating Maven Project] INFO  o.e.m.c.i.p.ProjectConfigurationManager - Update started
2024-08-12 20:37:40,870 [Worker-2: Updating Maven Project] INFO  o.e.m.c.i.l.LifecycleMappingFactory - Using org.eclipse.m2e.jdt.JarLifecycleMapping lifecycle mapping for MavenProject: com.pms:projectmanagement:0.0.1-SNAPSHOT @ C:\Users\swapnali\OneDrive\Desktop\Atoms-Unified Management System\For Trials\projectmanagement\pom.xml.
2024-08-12 20:37:42,232 [Worker-2: Updating Maven Project] INFO  o.e.m.j.i.AbstractJavaProjectConfigurator - Adding source folder /projectmanagement/src/main/java
2024-08-12 20:37:42,236 [Worker-2: Updating Maven Project] INFO  o.e.m.j.i.AbstractJavaProjectConfigurator - Adding resource folder /projectmanagement/src/main/resources
2024-08-12 20:37:42,238 [Worker-2: Updating Maven Project] INFO  o.e.m.j.i.AbstractJavaProjectConfigurator - Adding resource folder /projectmanagement/src/main/resources
2024-08-12 20:37:42,241 [Worker-2: Updating Maven Project] INFO  o.e.m.j.i.AbstractJavaProjectConfigurator - Adding source folder /projectmanagement/src/test/java
2024-08-12 20:37:42,244 [Worker-2: Updating Maven Project] INFO  o.e.m.j.i.AbstractJavaProjectConfigurator - Adding resource folder /projectmanagement/src/test/resources
2024-08-12 20:37:43,016 [Worker-2: Updating Maven Project] INFO  o.e.m.c.i.p.ProjectConfigurationManager - Update completed for 1 poms: local refresh takes 0.00 sec, refresh facades takes 1.00 sec, update config takes 0.00 sec 
2024-08-12 20:37:44,440 [Worker-10: Building] INFO  o.a.m.s.f.DefaultMavenResourcesFiltering - Copying 1 resource from src\main\resources to target\classes
2024-08-12 20:37:44,461 [Worker-10: Building] INFO  o.a.m.s.f.DefaultMavenResourcesFiltering - Copying 0 resource from src\main\resources to target\classes
2024-08-12 20:37:44,468 [Worker-10: Building] INFO  o.a.m.s.f.DefaultMavenResourcesFiltering - skip non existing resourceDirectory C:\Users\swapnali\OneDrive\Desktop\Atoms-Unified Management System\For Trials\projectmanagement\src\test\resources
2024-08-12 20:45:59,316 [Worker-6: Building] INFO  o.a.m.s.f.DefaultMavenResourcesFiltering - Copying 0 resource from src\main\resources to target\classes
2024-08-12 20:45:59,327 [Worker-6: Building] INFO  o.a.m.s.f.DefaultMavenResourcesFiltering - Copying 0 resource from src\main\resources to target\classes
2024-08-12 20:45:59,339 [Worker-6: Building] INFO  o.a.m.s.f.DefaultMavenResourcesFiltering - skip non existing resourceDirectory C:\Users\swapnali\OneDrive\Desktop\Atoms-Unified Management System\For Trials\projectmanagement\src\test\resources
2024-08-12 20:57:54,114 [Worker-19: Building] INFO  o.a.m.s.f.DefaultMavenResourcesFiltering - Copying 0 resource from src\main\resources to target\classes
2024-08-12 20:57:54,125 [Worker-19: Building] INFO  o.a.m.s.f.DefaultMavenResourcesFiltering - Copying 0 resource from src\main\resources to target\classes
2024-08-12 20:57:54,135 [Worker-19: Building] INFO  o.a.m.s.f.DefaultMavenResourcesFiltering - skip non existing resourceDirectory C:\Users\swapnali\OneDrive\Desktop\Atoms-Unified Management System\For Trials\projectmanagement\src\test\resources
2024-08-12 20:58:27,391 [Worker-18: Building] INFO  o.a.m.s.f.DefaultMavenResourcesFiltering - Copying 0 resource from src\main\resources to target\classes
2024-08-12 20:58:27,392 [Worker-18: Building] INFO  o.a.m.s.f.DefaultMavenResourcesFiltering - Copying 0 resource from src\main\resources to target\classes
2024-08-12 20:58:27,400 [Worker-18: Building] INFO  o.a.m.s.f.DefaultMavenResourcesFiltering - skip non existing resourceDirectory C:\Users\swapnali\OneDrive\Desktop\Atoms-Unified Management System\For Trials\projectmanagement\src\test\resources
2024-08-12 20:59:53,679 [Worker-21: Building] INFO  o.a.m.s.f.DefaultMavenResourcesFiltering - Copying 0 resource from src\main\resources to target\classes
2024-08-12 20:59:53,681 [Worker-21: Building] INFO  o.a.m.s.f.DefaultMavenResourcesFiltering - Copying 0 resource from src\main\resources to target\classes
2024-08-12 20:59:53,691 [Worker-21: Building] INFO  o.a.m.s.f.DefaultMavenResourcesFiltering - skip non existing resourceDirectory C:\Users\swapnali\OneDrive\Desktop\Atoms-Unified Management System\For Trials\projectmanagement\src\test\resources
2024-08-12 21:06:23,364 [Worker-24: Building] INFO  o.e.m.c.i.l.LifecycleMappingFactory - Using org.eclipse.m2e.jdt.JarLifecycleMapping lifecycle mapping for MavenProject: com.pms:projectmanagement:0.0.1-SNAPSHOT @ C:\Users\swapnali\OneDrive\Desktop\Atoms-Unified Management System\For Trials\projectmanagement\pom.xml.
2024-08-12 21:06:25,939 [Worker-24: Building] INFO  o.e.m.c.i.e.AbstractTransferListenerAdapter - Downloading https://repo.maven.apache.org/maven2/org/springframework/boot/spring-boot-starter-websocket/2.6.7/spring-boot-starter-websocket-2.6.7.pom
2024-08-12 21:06:26,138 [Worker-24: Building] INFO  o.e.m.c.i.e.AbstractTransferListenerAdapter - Downloaded https://repo.maven.apache.org/maven2/org/springframework/boot/spring-boot-starter-websocket/2.6.7/spring-boot-starter-websocket-2.6.7.pom
2024-08-12 21:06:26,175 [Worker-24: Building] INFO  o.e.m.c.i.e.AbstractTransferListenerAdapter - Downloading https://repo.maven.apache.org/maven2/org/springframework/spring-messaging/5.3.19/spring-messaging-5.3.19.pom
2024-08-12 21:06:26,196 [Worker-24: Building] INFO  o.e.m.c.i.e.AbstractTransferListenerAdapter - Downloaded https://repo.maven.apache.org/maven2/org/springframework/spring-messaging/5.3.19/spring-messaging-5.3.19.pom
2024-08-12 21:06:26,246 [Worker-24: Building] INFO  o.e.m.c.i.e.AbstractTransferListenerAdapter - Downloading https://repo.maven.apache.org/maven2/org/springframework/spring-websocket/5.3.19/spring-websocket-5.3.19.pom
2024-08-12 21:06:26,253 [Worker-24: Building] INFO  o.e.m.c.i.e.AbstractTransferListenerAdapter - Downloaded https://repo.maven.apache.org/maven2/org/springframework/spring-websocket/5.3.19/spring-websocket-5.3.19.pom
2024-08-12 21:06:26,604 [Worker-24: Building] INFO  o.e.m.c.i.e.AbstractTransferListenerAdapter - Downloading https://repo.maven.apache.org/maven2/org/springframework/boot/spring-boot-starter-websocket/2.6.7/spring-boot-starter-websocket-2.6.7.jar
2024-08-12 21:06:26,640 [Worker-24: Building] INFO  o.e.m.c.i.e.AbstractTransferListenerAdapter - Downloaded https://repo.maven.apache.org/maven2/org/springframework/boot/spring-boot-starter-websocket/2.6.7/spring-boot-starter-websocket-2.6.7.jar
2024-08-12 21:06:27,444 [BasicRepositoryConnector-repo.maven.apache.org-0-0] INFO  o.e.m.c.i.e.AbstractTransferListenerAdapter - Downloading https://repo.maven.apache.org/maven2/org/springframework/spring-messaging/5.3.19/spring-messaging-5.3.19.jar
2024-08-12 21:06:27,481 [BasicRepositoryConnector-repo.maven.apache.org-0-1] INFO  o.e.m.c.i.e.AbstractTransferListenerAdapter - Downloading https://repo.maven.apache.org/maven2/org/springframework/spring-websocket/5.3.19/spring-websocket-5.3.19.jar
2024-08-12 21:06:27,576 [BasicRepositoryConnector-repo.maven.apache.org-0-1] INFO  o.e.m.c.i.e.AbstractTransferListenerAdapter - Downloaded https://repo.maven.apache.org/maven2/org/springframework/spring-websocket/5.3.19/spring-websocket-5.3.19.jar
2024-08-12 21:06:28,680 [BasicRepositoryConnector-repo.maven.apache.org-0-0] INFO  o.e.m.c.i.e.AbstractTransferListenerAdapter - Downloaded https://repo.maven.apache.org/maven2/org/springframework/spring-messaging/5.3.19/spring-messaging-5.3.19.jar
2024-08-12 21:06:30,565 [Worker-21: Download sources and javadoc] INFO  o.e.m.c.i.e.AbstractTransferListenerAdapter - Downloading https://repo.maven.apache.org/maven2/org/springframework/boot/spring-boot-starter-websocket/2.6.7/spring-boot-starter-websocket-2.6.7-sources.jar
2024-08-12 21:06:30,575 [Worker-21: Download sources and javadoc] INFO  o.e.m.c.i.e.AbstractTransferListenerAdapter - Downloaded https://repo.maven.apache.org/maven2/org/springframework/boot/spring-boot-starter-websocket/2.6.7/spring-boot-starter-websocket-2.6.7-sources.jar
2024-08-12 21:06:30,585 [Worker-21: Download sources and javadoc] INFO  o.e.m.j.internal.DownloadSourcesJob - Downloaded sources for org.springframework.boot:spring-boot-starter-websocket:2.6.7
2024-08-12 21:06:30,636 [Worker-21: Download sources and javadoc] INFO  o.e.m.c.i.e.AbstractTransferListenerAdapter - Downloading https://repo.maven.apache.org/maven2/org/springframework/spring-messaging/5.3.19/spring-messaging-5.3.19-sources.jar
2024-08-12 21:06:30,707 [Worker-21: Download sources and javadoc] INFO  o.e.m.c.i.e.AbstractTransferListenerAdapter - Downloaded https://repo.maven.apache.org/maven2/org/springframework/spring-messaging/5.3.19/spring-messaging-5.3.19-sources.jar
2024-08-12 21:06:30,713 [Worker-21: Download sources and javadoc] INFO  o.e.m.j.internal.DownloadSourcesJob - Downloaded sources for org.springframework:spring-messaging:5.3.19
2024-08-12 21:06:30,763 [Worker-21: Download sources and javadoc] INFO  o.e.m.c.i.e.AbstractTransferListenerAdapter - Downloading https://repo.maven.apache.org/maven2/org/springframework/spring-websocket/5.3.19/spring-websocket-5.3.19-sources.jar
2024-08-12 21:06:30,815 [Worker-21: Download sources and javadoc] INFO  o.e.m.c.i.e.AbstractTransferListenerAdapter - Downloaded https://repo.maven.apache.org/maven2/org/springframework/spring-websocket/5.3.19/spring-websocket-5.3.19-sources.jar
2024-08-12 21:06:30,821 [Worker-26: Updating Maven Project] INFO  o.e.m.c.i.p.ProjectConfigurationManager - Update started
2024-08-12 21:06:30,823 [Worker-21: Download sources and javadoc] INFO  o.e.m.j.internal.DownloadSourcesJob - Downloaded sources for org.springframework:spring-websocket:5.3.19
2024-08-12 21:06:31,187 [Worker-26: Updating Maven Project] INFO  o.e.m.c.i.l.LifecycleMappingFactory - Using org.eclipse.m2e.jdt.JarLifecycleMapping lifecycle mapping for MavenProject: com.pms:projectmanagement:0.0.1-SNAPSHOT @ C:\Users\swapnali\OneDrive\Desktop\Atoms-Unified Management System\For Trials\projectmanagement\pom.xml.
2024-08-12 21:06:32,887 [Worker-26: Updating Maven Project] INFO  o.e.m.j.i.AbstractJavaProjectConfigurator - Adding resource folder /projectmanagement/src/main/resources
2024-08-12 21:06:32,889 [Worker-26: Updating Maven Project] INFO  o.e.m.j.i.AbstractJavaProjectConfigurator - Adding resource folder /projectmanagement/src/main/resources
2024-08-12 21:06:32,891 [Worker-26: Updating Maven Project] INFO  o.e.m.j.i.AbstractJavaProjectConfigurator - Adding resource folder /projectmanagement/src/test/resources
2024-08-12 21:06:34,247 [Worker-26: Updating Maven Project] INFO  o.e.m.c.i.p.ProjectConfigurationManager - Update completed for 1 poms: local refresh takes 0.00 sec, refresh facades takes 1.00 sec, update config takes 1.00 sec 
2024-08-12 21:07:39,783 [Worker-30: Updating Maven Project] INFO  o.e.m.c.i.p.ProjectConfigurationManager - Update started
2024-08-12 21:07:40,088 [Worker-30: Updating Maven Project] INFO  o.e.m.c.i.l.LifecycleMappingFactory - Using org.eclipse.m2e.jdt.JarLifecycleMapping lifecycle mapping for MavenProject: com.pms:projectmanagement:0.0.1-SNAPSHOT @ C:\Users\swapnali\OneDrive\Desktop\Atoms-Unified Management System\For Trials\projectmanagement\pom.xml.
2024-08-12 21:07:40,921 [Worker-30: Updating Maven Project] ERROR o.e.m.c.i.p.ProjectConfigurationManager - Could not read maven project
org.eclipse.core.runtime.CoreException: Could not read maven project
	at org.eclipse.m2e.core.internal.embedder.MavenImpl.lambda$4(MavenImpl.java:371)
	at org.eclipse.m2e.core.internal.embedder.MavenExecutionContext.executeBare(MavenExecutionContext.java:458)
	at org.eclipse.m2e.core.internal.embedder.MavenExecutionContext.execute(MavenExecutionContext.java:292)
	at org.eclipse.m2e.core.internal.embedder.MavenExecutionContext.execute(MavenExecutionContext.java:278)
	at org.eclipse.m2e.core.internal.embedder.MavenImpl.readProject(MavenImpl.java:361)
	at org.eclipse.m2e.mavenarchiver.internal.AbstractMavenArchiverConfigurator.lambda$4(AbstractMavenArchiverConfigurator.java:576)
	at org.eclipse.m2e.core.internal.embedder.MavenExecutionContext.executeBare(MavenExecutionContext.java:458)
	at org.eclipse.m2e.core.internal.embedder.MavenExecutionContext.execute(MavenExecutionContext.java:339)
	at org.eclipse.m2e.mavenarchiver.internal.AbstractMavenArchiverConfigurator.loadParentHierarchy(AbstractMavenArchiverConfigurator.java:568)
	at org.eclipse.m2e.mavenarchiver.internal.AbstractMavenArchiverConfigurator.generateManifest(AbstractMavenArchiverConfigurator.java:365)
	at org.eclipse.m2e.mavenarchiver.internal.AbstractMavenArchiverConfigurator.mavenProjectChanged(AbstractMavenArchiverConfigurator.java:228)
	at org.eclipse.m2e.mavenarchiver.internal.AbstractMavenArchiverConfigurator.mavenProjectChanged(AbstractMavenArchiverConfigurator.java:220)
	at org.eclipse.m2e.core.internal.project.ProjectConfigurationManager.mavenProjectChanged(ProjectConfigurationManager.java:885)
	at org.eclipse.m2e.core.internal.project.registry.ProjectRegistryManager.notifyProjectChangeListeners(ProjectRegistryManager.java:892)
	at org.eclipse.m2e.core.internal.project.registry.ProjectRegistryManager.applyMutableProjectRegistry(ProjectRegistryManager.java:1042)
	at org.eclipse.m2e.core.internal.project.registry.ProjectRegistryManager.refresh(ProjectRegistryManager.java:324)
	at org.eclipse.m2e.core.internal.project.ProjectConfigurationManager.updateProjectConfiguration0(ProjectConfigurationManager.java:388)
	at org.eclipse.m2e.core.internal.project.ProjectConfigurationManager.lambda$3(ProjectConfigurationManager.java:340)
	at org.eclipse.m2e.core.internal.embedder.MavenExecutionContext.executeBare(MavenExecutionContext.java:458)
	at org.eclipse.m2e.core.internal.embedder.MavenExecutionContext.execute(MavenExecutionContext.java:339)
	at org.eclipse.m2e.core.internal.embedder.MavenExecutionContext.execute(MavenExecutionContext.java:278)
	at org.eclipse.m2e.core.internal.embedder.MavenImpl.execute(MavenImpl.java:1053)
	at org.eclipse.m2e.core.internal.project.ProjectConfigurationManager.updateProjectConfiguration(ProjectConfigurationManager.java:339)
	at org.eclipse.m2e.core.ui.internal.UpdateMavenProjectJob.runInWorkspace(UpdateMavenProjectJob.java:80)
	at org.eclipse.core.internal.resources.InternalWorkspaceJob.run(InternalWorkspaceJob.java:43)
	at org.eclipse.core.internal.jobs.Worker.run(Worker.java:63)
Caused by: org.apache.maven.project.ProjectBuildingException: 1 problem was encountered while building the effective model
[FATAL] Non-readable POM C:\Users\swapnali\OneDrive\Desktop\Atoms-Unified Management System\For Trials\projectmanagement: C:\Users\swapnali\OneDrive\Desktop\Atoms-Unified Management System\For Trials\projectmanagement (Access is denied) @ 
 for project  at C:\Users\swapnali\OneDrive\Desktop\Atoms-Unified Management System\For Trials\projectmanagement
	at org.apache.maven.project.DefaultProjectBuilder.build(DefaultProjectBuilder.java:180)
	at org.apache.maven.project.DefaultProjectBuilder.build(DefaultProjectBuilder.java:123)
	at org.eclipse.m2e.core.internal.embedder.MavenImpl.lambda$4(MavenImpl.java:369)
	... 25 common frames omitted
Caused by: org.apache.maven.model.building.ModelBuildingException: 1 problem was encountered while building the effective model
[FATAL] Non-readable POM C:\Users\swapnali\OneDrive\Desktop\Atoms-Unified Management System\For Trials\projectmanagement: C:\Users\swapnali\OneDrive\Desktop\Atoms-Unified Management System\For Trials\projectmanagement (Access is denied) @ 

	at org.apache.maven.model.building.DefaultModelProblemCollector.newModelBuildingException(DefaultModelProblemCollector.java:176)
	at org.apache.maven.model.building.DefaultModelBuilder.readModel(DefaultModelBuilder.java:643)
	at org.apache.maven.model.building.DefaultModelBuilder.build(DefaultModelBuilder.java:263)
	at org.apache.maven.model.building.DefaultModelBuilder.build(DefaultModelBuilder.java:249)
	at org.apache.maven.project.DefaultProjectBuilder.build(DefaultProjectBuilder.java:176)
	... 27 common frames omitted
2024-08-12 21:07:41,385 [Worker-30: Updating Maven Project] INFO  o.e.m.j.i.AbstractJavaProjectConfigurator - Adding resource folder /projectmanagement/src/main/resources
2024-08-12 21:07:41,386 [Worker-30: Updating Maven Project] INFO  o.e.m.j.i.AbstractJavaProjectConfigurator - Adding resource folder /projectmanagement/src/main/resources
2024-08-12 21:07:41,390 [Worker-30: Updating Maven Project] INFO  o.e.m.j.i.AbstractJavaProjectConfigurator - Adding resource folder /projectmanagement/src/test/resources
2024-08-12 21:07:42,082 [Worker-30: Updating Maven Project] INFO  o.e.m.c.i.p.ProjectConfigurationManager - Update completed for 1 poms: local refresh takes 0.00 sec, refresh facades takes 1.00 sec, update config takes 0.00 sec 
2024-08-12 21:11:12,956 [Worker-32: Building] INFO  o.e.m.c.i.l.LifecycleMappingFactory - Using org.eclipse.m2e.jdt.JarLifecycleMapping lifecycle mapping for MavenProject: com.pms:projectmanagement:0.0.1-SNAPSHOT @ C:\Users\swapnali\OneDrive\Desktop\Atoms-Unified Management System\For Trials\projectmanagement\pom.xml.
2024-08-12 21:11:15,531 [Worker-32: Building] INFO  o.e.m.c.i.embedder.EclipseLogger - Using 'UTF-8' encoding to copy filtered resources.
2024-08-12 21:11:15,531 [Worker-32: Building] INFO  o.e.m.c.i.embedder.EclipseLogger - Using 'UTF-8' encoding to copy filtered properties files.
2024-08-12 21:11:15,536 [Worker-32: Building] INFO  o.e.m.c.i.embedder.EclipseLogger - Copying 0 resource
2024-08-12 21:11:15,537 [Worker-32: Building] INFO  o.e.m.c.i.embedder.EclipseLogger - Copying 0 resource
2024-08-12 21:11:15,543 [Worker-32: Building] INFO  o.e.m.c.i.embedder.EclipseLogger - Using 'UTF-8' encoding to copy filtered resources.
2024-08-12 21:11:15,543 [Worker-32: Building] INFO  o.e.m.c.i.embedder.EclipseLogger - Using 'UTF-8' encoding to copy filtered properties files.
2024-08-12 21:11:15,544 [Worker-32: Building] INFO  o.e.m.c.i.embedder.EclipseLogger - skip non existing resourceDirectory C:\Users\swapnali\OneDrive\Desktop\Atoms-Unified Management System\For Trials\projectmanagement\src\test\resources
2024-08-12 21:11:16,702 [Worker-32: Building] INFO  o.e.m.c.i.embedder.EclipseLogger - Using 'UTF-8' encoding to copy filtered resources.
2024-08-12 21:11:16,702 [Worker-32: Building] INFO  o.e.m.c.i.embedder.EclipseLogger - Using 'UTF-8' encoding to copy filtered properties files.
2024-08-12 21:11:16,703 [Worker-32: Building] INFO  o.e.m.c.i.embedder.EclipseLogger - Copying 1 resource
2024-08-12 21:11:16,723 [Worker-32: Building] INFO  o.e.m.c.i.embedder.EclipseLogger - Copying 0 resource
2024-08-12 21:11:16,730 [Worker-32: Building] INFO  o.e.m.c.i.embedder.EclipseLogger - Using 'UTF-8' encoding to copy filtered resources.
2024-08-12 21:11:16,730 [Worker-32: Building] INFO  o.e.m.c.i.embedder.EclipseLogger - Using 'UTF-8' encoding to copy filtered properties files.
2024-08-12 21:11:16,730 [Worker-32: Building] INFO  o.e.m.c.i.embedder.EclipseLogger - skip non existing resourceDirectory C:\Users\swapnali\OneDrive\Desktop\Atoms-Unified Management System\For Trials\projectmanagement\src\test\resources
2024-08-12 21:11:57,899 [Worker-29: Updating Maven Project] INFO  o.e.m.c.i.p.ProjectConfigurationManager - Update started
2024-08-12 21:11:58,463 [Worker-29: Updating Maven Project] INFO  o.e.m.c.i.l.LifecycleMappingFactory - Using org.eclipse.m2e.jdt.JarLifecycleMapping lifecycle mapping for MavenProject: com.pms:projectmanagement:0.0.1-SNAPSHOT @ C:\Users\swapnali\OneDrive\Desktop\Atoms-Unified Management System\For Trials\projectmanagement\pom.xml.
2024-08-12 21:11:59,949 [Worker-29: Updating Maven Project] INFO  o.e.m.j.i.AbstractJavaProjectConfigurator - Adding source folder /projectmanagement/src/main/java
2024-08-12 21:11:59,950 [Worker-29: Updating Maven Project] INFO  o.e.m.j.i.AbstractJavaProjectConfigurator - Adding resource folder /projectmanagement/src/main/resources
2024-08-12 21:11:59,951 [Worker-29: Updating Maven Project] INFO  o.e.m.j.i.AbstractJavaProjectConfigurator - Adding resource folder /projectmanagement/src/main/resources
2024-08-12 21:11:59,952 [Worker-29: Updating Maven Project] INFO  o.e.m.j.i.AbstractJavaProjectConfigurator - Adding source folder /projectmanagement/src/test/java
2024-08-12 21:11:59,954 [Worker-29: Updating Maven Project] INFO  o.e.m.j.i.AbstractJavaProjectConfigurator - Adding resource folder /projectmanagement/src/test/resources
2024-08-12 21:12:00,811 [Worker-29: Updating Maven Project] INFO  o.e.m.c.i.p.ProjectConfigurationManager - Update completed for 1 poms: local refresh takes 0.00 sec, refresh facades takes 1.00 sec, update config takes 0.00 sec 
2024-08-12 21:12:04,631 [Worker-29: Building] INFO  o.e.m.c.i.embedder.EclipseLogger - Using 'UTF-8' encoding to copy filtered resources.
2024-08-12 21:12:04,632 [Worker-29: Building] INFO  o.e.m.c.i.embedder.EclipseLogger - Using 'UTF-8' encoding to copy filtered properties files.
2024-08-12 21:12:04,633 [Worker-29: Building] INFO  o.e.m.c.i.embedder.EclipseLogger - Copying 1 resource
2024-08-12 21:12:04,652 [Worker-29: Building] INFO  o.e.m.c.i.embedder.EclipseLogger - Copying 0 resource
2024-08-12 21:12:04,661 [Worker-29: Building] INFO  o.e.m.c.i.embedder.EclipseLogger - Using 'UTF-8' encoding to copy filtered resources.
2024-08-12 21:12:04,661 [Worker-29: Building] INFO  o.e.m.c.i.embedder.EclipseLogger - Using 'UTF-8' encoding to copy filtered properties files.
2024-08-12 21:12:04,661 [Worker-29: Building] INFO  o.e.m.c.i.embedder.EclipseLogger - skip non existing resourceDirectory C:\Users\swapnali\OneDrive\Desktop\Atoms-Unified Management System\For Trials\projectmanagement\src\test\resources
2024-08-12 21:13:01,213 [Worker-32: Building] INFO  o.e.m.c.i.l.LifecycleMappingFactory - Using org.eclipse.m2e.jdt.JarLifecycleMapping lifecycle mapping for MavenProject: com.pms:projectmanagement:0.0.1-SNAPSHOT @ C:\Users\swapnali\OneDrive\Desktop\Atoms-Unified Management System\For Trials\projectmanagement\pom.xml.
2024-08-12 21:13:02,981 [Worker-32: Building] INFO  o.a.m.s.f.DefaultMavenResourcesFiltering - Copying 0 resource from src\main\resources to target\classes
2024-08-12 21:13:02,982 [Worker-32: Building] INFO  o.a.m.s.f.DefaultMavenResourcesFiltering - Copying 0 resource from src\main\resources to target\classes
2024-08-12 21:13:02,988 [Worker-32: Building] INFO  o.a.m.s.f.DefaultMavenResourcesFiltering - skip non existing resourceDirectory C:\Users\swapnali\OneDrive\Desktop\Atoms-Unified Management System\For Trials\projectmanagement\src\test\resources
2024-08-12 21:13:03,407 [Worker-31: Updating Maven Project] INFO  o.e.m.c.i.p.ProjectConfigurationManager - Update started
2024-08-12 21:13:04,034 [Worker-31: Updating Maven Project] INFO  o.e.m.c.i.l.LifecycleMappingFactory - Using org.eclipse.m2e.jdt.JarLifecycleMapping lifecycle mapping for MavenProject: com.pms:projectmanagement:0.0.1-SNAPSHOT @ C:\Users\swapnali\OneDrive\Desktop\Atoms-Unified Management System\For Trials\projectmanagement\pom.xml.
2024-08-12 21:13:05,366 [Worker-31: Updating Maven Project] INFO  o.e.m.j.i.AbstractJavaProjectConfigurator - Adding source folder /projectmanagement/src/main/java
2024-08-12 21:13:05,367 [Worker-31: Updating Maven Project] INFO  o.e.m.j.i.AbstractJavaProjectConfigurator - Adding resource folder /projectmanagement/src/main/resources
2024-08-12 21:13:05,369 [Worker-31: Updating Maven Project] INFO  o.e.m.j.i.AbstractJavaProjectConfigurator - Adding resource folder /projectmanagement/src/main/resources
2024-08-12 21:13:05,370 [Worker-31: Updating Maven Project] INFO  o.e.m.j.i.AbstractJavaProjectConfigurator - Adding source folder /projectmanagement/src/test/java
2024-08-12 21:13:05,371 [Worker-31: Updating Maven Project] INFO  o.e.m.j.i.AbstractJavaProjectConfigurator - Adding resource folder /projectmanagement/src/test/resources
2024-08-12 21:13:06,102 [Worker-31: Updating Maven Project] INFO  o.e.m.c.i.p.ProjectConfigurationManager - Update completed for 1 poms: local refresh takes 0.00 sec, refresh facades takes 1.00 sec, update config takes 0.00 sec 
2024-08-12 21:13:07,949 [Worker-29: Building] INFO  o.a.m.s.f.DefaultMavenResourcesFiltering - Copying 1 resource from src\main\resources to target\classes
2024-08-12 21:13:07,982 [Worker-29: Building] INFO  o.a.m.s.f.DefaultMavenResourcesFiltering - Copying 0 resource from src\main\resources to target\classes
2024-08-12 21:13:07,992 [Worker-29: Building] INFO  o.a.m.s.f.DefaultMavenResourcesFiltering - skip non existing resourceDirectory C:\Users\swapnali\OneDrive\Desktop\Atoms-Unified Management System\For Trials\projectmanagement\src\test\resources
2024-08-12 21:13:17,338 [Worker-2: Updating Maven Project] INFO  o.e.m.c.i.p.ProjectConfigurationManager - Update started
2024-08-12 21:13:17,897 [Worker-2: Updating Maven Project] INFO  o.e.m.c.i.l.LifecycleMappingFactory - Using org.eclipse.m2e.jdt.JarLifecycleMapping lifecycle mapping for MavenProject: com.pms:projectmanagement:0.0.1-SNAPSHOT @ C:\Users\swapnali\OneDrive\Desktop\Atoms-Unified Management System\For Trials\projectmanagement\pom.xml.
2024-08-12 21:13:19,091 [Worker-2: Updating Maven Project] INFO  o.e.m.j.i.AbstractJavaProjectConfigurator - Adding source folder /projectmanagement/src/main/java
2024-08-12 21:13:19,092 [Worker-2: Updating Maven Project] INFO  o.e.m.j.i.AbstractJavaProjectConfigurator - Adding resource folder /projectmanagement/src/main/resources
2024-08-12 21:13:19,093 [Worker-2: Updating Maven Project] INFO  o.e.m.j.i.AbstractJavaProjectConfigurator - Adding resource folder /projectmanagement/src/main/resources
2024-08-12 21:13:19,094 [Worker-2: Updating Maven Project] INFO  o.e.m.j.i.AbstractJavaProjectConfigurator - Adding source folder /projectmanagement/src/test/java
2024-08-12 21:13:19,095 [Worker-2: Updating Maven Project] INFO  o.e.m.j.i.AbstractJavaProjectConfigurator - Adding resource folder /projectmanagement/src/test/resources
2024-08-12 21:13:19,794 [Worker-2: Updating Maven Project] INFO  o.e.m.c.i.p.ProjectConfigurationManager - Update completed for 1 poms: local refresh takes 0.00 sec, refresh facades takes 1.00 sec, update config takes 0.00 sec 
2024-08-12 21:13:20,939 [Worker-29: Building] INFO  o.a.m.s.f.DefaultMavenResourcesFiltering - Copying 1 resource from src\main\resources to target\classes
2024-08-12 21:13:20,970 [Worker-29: Building] INFO  o.a.m.s.f.DefaultMavenResourcesFiltering - Copying 0 resource from src\main\resources to target\classes
2024-08-12 21:13:20,976 [Worker-29: Building] INFO  o.a.m.s.f.DefaultMavenResourcesFiltering - skip non existing resourceDirectory C:\Users\swapnali\OneDrive\Desktop\Atoms-Unified Management System\For Trials\projectmanagement\src\test\resources
2024-08-12 21:14:37,098 [Worker-33: Building] INFO  o.a.m.s.f.DefaultMavenResourcesFiltering - Copying 0 resource from src\main\resources to target\classes
2024-08-12 21:14:37,100 [Worker-33: Building] INFO  o.a.m.s.f.DefaultMavenResourcesFiltering - Copying 0 resource from src\main\resources to target\classes
2024-08-12 21:14:37,111 [Worker-33: Building] INFO  o.a.m.s.f.DefaultMavenResourcesFiltering - skip non existing resourceDirectory C:\Users\swapnali\OneDrive\Desktop\Atoms-Unified Management System\For Trials\projectmanagement\src\test\resources
2024-08-12 21:28:14,127 [Worker-31: Building] INFO  o.a.m.s.f.DefaultMavenResourcesFiltering - Copying 1 resource from src\main\resources to target\classes
2024-08-12 21:28:14,160 [Worker-31: Building] INFO  o.a.m.s.f.DefaultMavenResourcesFiltering - Copying 0 resource from src\main\resources to target\classes
2024-08-12 21:28:14,167 [Worker-31: Building] INFO  o.a.m.s.f.DefaultMavenResourcesFiltering - skip non existing resourceDirectory C:\Users\swapnali\OneDrive\Desktop\Atoms-Unified Management System\For Trials\projectmanagement\src\test\resources
2024-08-12 21:28:38,614 [Worker-29: Building] INFO  o.a.m.s.f.DefaultMavenResourcesFiltering - Copying 1 resource from src\main\resources to target\classes
2024-08-12 21:28:38,644 [Worker-29: Building] INFO  o.a.m.s.f.DefaultMavenResourcesFiltering - Copying 0 resource from src\main\resources to target\classes
2024-08-12 21:28:38,650 [Worker-29: Building] INFO  o.a.m.s.f.DefaultMavenResourcesFiltering - skip non existing resourceDirectory C:\Users\swapnali\OneDrive\Desktop\Atoms-Unified Management System\For Trials\projectmanagement\src\test\resources
2024-08-12 22:24:32,516 [Worker-47: Building] INFO  o.a.m.s.f.DefaultMavenResourcesFiltering - Copying 0 resource from src\main\resources to target\classes
2024-08-12 22:24:32,534 [Worker-47: Building] INFO  o.a.m.s.f.DefaultMavenResourcesFiltering - Copying 0 resource from src\main\resources to target\classes
2024-08-12 22:24:32,548 [Worker-47: Building] INFO  o.a.m.s.f.DefaultMavenResourcesFiltering - skip non existing resourceDirectory C:\Users\swapnali\OneDrive\Desktop\Atoms-Unified Management System\For Trials\projectmanagement\src\test\resources
2024-08-12 22:25:29,102 [Worker-31: Building] INFO  o.a.m.s.f.DefaultMavenResourcesFiltering - Copying 0 resource from src\main\resources to target\classes
2024-08-12 22:25:29,104 [Worker-31: Building] INFO  o.a.m.s.f.DefaultMavenResourcesFiltering - Copying 0 resource from src\main\resources to target\classes
2024-08-12 22:25:29,112 [Worker-31: Building] INFO  o.a.m.s.f.DefaultMavenResourcesFiltering - skip non existing resourceDirectory C:\Users\swapnali\OneDrive\Desktop\Atoms-Unified Management System\For Trials\projectmanagement\src\test\resources
2024-08-12 22:25:41,059 [Worker-31: Building] INFO  o.a.m.s.f.DefaultMavenResourcesFiltering - Copying 0 resource from src\main\resources to target\classes
2024-08-12 22:25:41,060 [Worker-31: Building] INFO  o.a.m.s.f.DefaultMavenResourcesFiltering - Copying 0 resource from src\main\resources to target\classes
2024-08-12 22:25:41,067 [Worker-31: Building] INFO  o.a.m.s.f.DefaultMavenResourcesFiltering - skip non existing resourceDirectory C:\Users\swapnali\OneDrive\Desktop\Atoms-Unified Management System\For Trials\projectmanagement\src\test\resources
2024-08-12 22:29:21,689 [Worker-44: Building] INFO  o.a.m.s.f.DefaultMavenResourcesFiltering - Copying 0 resource from src\main\resources to target\classes
2024-08-12 22:29:21,691 [Worker-44: Building] INFO  o.a.m.s.f.DefaultMavenResourcesFiltering - Copying 0 resource from src\main\resources to target\classes
2024-08-12 22:29:21,697 [Worker-44: Building] INFO  o.a.m.s.f.DefaultMavenResourcesFiltering - skip non existing resourceDirectory C:\Users\swapnali\OneDrive\Desktop\Atoms-Unified Management System\For Trials\projectmanagement\src\test\resources
2024-08-12 22:30:10,254 [Worker-44: Building] INFO  o.a.m.s.f.DefaultMavenResourcesFiltering - Copying 0 resource from src\main\resources to target\classes
2024-08-12 22:30:10,255 [Worker-44: Building] INFO  o.a.m.s.f.DefaultMavenResourcesFiltering - Copying 0 resource from src\main\resources to target\classes
2024-08-12 22:30:10,262 [Worker-44: Building] INFO  o.a.m.s.f.DefaultMavenResourcesFiltering - skip non existing resourceDirectory C:\Users\swapnali\OneDrive\Desktop\Atoms-Unified Management System\For Trials\projectmanagement\src\test\resources
2024-08-12 22:36:26,720 [Worker-55: Building] INFO  o.a.m.s.f.DefaultMavenResourcesFiltering - Copying 0 resource from src\main\resources to target\classes
2024-08-12 22:36:26,723 [Worker-55: Building] INFO  o.a.m.s.f.DefaultMavenResourcesFiltering - Copying 0 resource from src\main\resources to target\classes
2024-08-12 22:36:26,734 [Worker-55: Building] INFO  o.a.m.s.f.DefaultMavenResourcesFiltering - skip non existing resourceDirectory C:\Users\swapnali\OneDrive\Desktop\Atoms-Unified Management System\For Trials\projectmanagement\src\test\resources
2024-08-12 22:38:38,473 [Worker-56: Building] INFO  o.a.m.s.f.DefaultMavenResourcesFiltering - Copying 0 resource from src\main\resources to target\classes
2024-08-12 22:38:38,476 [Worker-56: Building] INFO  o.a.m.s.f.DefaultMavenResourcesFiltering - Copying 0 resource from src\main\resources to target\classes
2024-08-12 22:38:38,490 [Worker-56: Building] INFO  o.a.m.s.f.DefaultMavenResourcesFiltering - skip non existing resourceDirectory C:\Users\swapnali\OneDrive\Desktop\Atoms-Unified Management System\For Trials\projectmanagement\src\test\resources
2024-08-12 22:38:50,514 [Worker-56: Building] INFO  o.a.m.s.f.DefaultMavenResourcesFiltering - Copying 0 resource from src\main\resources to target\classes
2024-08-12 22:38:50,517 [Worker-56: Building] INFO  o.a.m.s.f.DefaultMavenResourcesFiltering - Copying 0 resource from src\main\resources to target\classes
2024-08-12 22:38:50,523 [Worker-56: Building] INFO  o.a.m.s.f.DefaultMavenResourcesFiltering - skip non existing resourceDirectory C:\Users\swapnali\OneDrive\Desktop\Atoms-Unified Management System\For Trials\projectmanagement\src\test\resources
2024-08-12 22:39:04,866 [Worker-55: Building] INFO  o.a.m.s.f.DefaultMavenResourcesFiltering - Copying 0 resource from src\main\resources to target\classes
2024-08-12 22:39:04,867 [Worker-55: Building] INFO  o.a.m.s.f.DefaultMavenResourcesFiltering - Copying 0 resource from src\main\resources to target\classes
2024-08-12 22:39:04,874 [Worker-55: Building] INFO  o.a.m.s.f.DefaultMavenResourcesFiltering - skip non existing resourceDirectory C:\Users\swapnali\OneDrive\Desktop\Atoms-Unified Management System\For Trials\projectmanagement\src\test\resources
2024-08-13 02:06:02,815 [Worker-79: Building] INFO  o.a.m.s.f.DefaultMavenResourcesFiltering - Copying 1 resource from src\main\resources to target\classes
2024-08-13 02:06:03,410 [Worker-79: Building] INFO  o.a.m.s.f.DefaultMavenResourcesFiltering - Copying 0 resource from src\main\resources to target\classes
2024-08-13 02:06:03,477 [Worker-79: Building] INFO  o.a.m.s.f.DefaultMavenResourcesFiltering - skip non existing resourceDirectory C:\Users\swapnali\OneDrive\Desktop\Atoms-Unified Management System\For Trials\projectmanagement\src\test\resources
2024-08-13 02:15:57,010 [Worker-84: Building] INFO  o.a.m.s.f.DefaultMavenResourcesFiltering - Copying 1 resource from src\main\resources to target\classes
2024-08-13 02:15:57,129 [Worker-84: Building] INFO  o.a.m.s.f.DefaultMavenResourcesFiltering - Copying 0 resource from src\main\resources to target\classes
2024-08-13 02:15:57,136 [Worker-84: Building] INFO  o.a.m.s.f.DefaultMavenResourcesFiltering - skip non existing resourceDirectory C:\Users\swapnali\OneDrive\Desktop\Atoms-Unified Management System\For Trials\projectmanagement\src\test\resources
2024-08-13 02:23:28,669 [Worker-90: Building] INFO  o.a.m.s.f.DefaultMavenResourcesFiltering - Copying 1 resource from src\main\resources to target\classes
2024-08-13 02:23:28,888 [Worker-90: Building] INFO  o.a.m.s.f.DefaultMavenResourcesFiltering - Copying 0 resource from src\main\resources to target\classes
2024-08-13 02:23:28,901 [Worker-90: Building] INFO  o.a.m.s.f.DefaultMavenResourcesFiltering - skip non existing resourceDirectory C:\Users\swapnali\OneDrive\Desktop\Atoms-Unified Management System\For Trials\projectmanagement\src\test\resources
2024-08-13 02:23:45,815 [Worker-85: Building] INFO  o.a.m.s.f.DefaultMavenResourcesFiltering - Copying 1 resource from src\main\resources to target\classes
2024-08-13 02:23:45,935 [Worker-85: Building] INFO  o.a.m.s.f.DefaultMavenResourcesFiltering - Copying 0 resource from src\main\resources to target\classes
2024-08-13 02:23:45,940 [Worker-85: Building] INFO  o.a.m.s.f.DefaultMavenResourcesFiltering - skip non existing resourceDirectory C:\Users\swapnali\OneDrive\Desktop\Atoms-Unified Management System\For Trials\projectmanagement\src\test\resources
2024-08-13 02:23:51,028 [Worker-90: Building] INFO  o.a.m.s.f.DefaultMavenResourcesFiltering - Copying 1 resource from src\main\resources to target\classes
2024-08-13 02:23:51,127 [Worker-90: Building] INFO  o.a.m.s.f.DefaultMavenResourcesFiltering - Copying 0 resource from src\main\resources to target\classes
2024-08-13 02:23:51,131 [Worker-90: Building] INFO  o.a.m.s.f.DefaultMavenResourcesFiltering - skip non existing resourceDirectory C:\Users\swapnali\OneDrive\Desktop\Atoms-Unified Management System\For Trials\projectmanagement\src\test\resources
2024-08-13 10:07:58,988 [Worker-5: Loading available Gradle versions] INFO  o.e.b.c.i.u.g.PublishedGradleVersions - Gradle version information cache is out-of-date. Trying to update.
2024-08-13 10:09:31,551 [Worker-5: Building] INFO  o.a.m.s.f.DefaultMavenResourcesFiltering - Copying 1 resource from src\main\resources to target\classes
2024-08-13 10:09:31,576 [Worker-5: Building] INFO  o.a.m.s.f.DefaultMavenResourcesFiltering - Copying 0 resource from src\main\resources to target\classes
2024-08-13 10:09:31,583 [Worker-5: Building] INFO  o.a.m.s.f.DefaultMavenResourcesFiltering - skip non existing resourceDirectory C:\Users\swapnali\OneDrive\Desktop\Atoms-Unified Management System\For Trials\projectmanagement\src\test\resources
2024-08-13 10:09:44,803 [Worker-0: Building] INFO  o.a.m.s.f.DefaultMavenResourcesFiltering - Copying 1 resource from src\main\resources to target\classes
2024-08-13 10:09:44,836 [Worker-0: Building] INFO  o.a.m.s.f.DefaultMavenResourcesFiltering - Copying 0 resource from src\main\resources to target\classes
2024-08-13 10:09:44,847 [Worker-0: Building] INFO  o.a.m.s.f.DefaultMavenResourcesFiltering - skip non existing resourceDirectory C:\Users\swapnali\OneDrive\Desktop\Atoms-Unified Management System\For Trials\projectmanagement\src\test\resources
2024-08-13 10:12:50,331 [main] INFO  o.e.m2e.actions.ExecutePomAction - Creating new launch configuration
2024-08-13 10:13:00,735 [Worker-0: Launching projectmanagement] INFO  o.eclipse.m2e.core.internal.Bundles - getClasspathEntries(Bundle=org.eclipse.m2e.maven.runtime_3.9.700.20240602-2313 [359])
2024-08-13 10:13:00,740 [Worker-0: Launching projectmanagement] INFO  o.eclipse.m2e.core.internal.Bundles - 	Entry: C:\Users\swapnali\OneDrive\Desktop\sts-4.23.0.RELEASE\plugins\org.eclipse.m2e.maven.runtime_3.9.700.20240602-2313
2024-08-13 10:13:00,741 [Worker-0: Launching projectmanagement] INFO  o.eclipse.m2e.core.internal.Bundles - 	Entry: C:\Users\swapnali\OneDrive\Desktop\sts-4.23.0.RELEASE\plugins\org.eclipse.m2e.maven.runtime_3.9.700.20240602-2313\jars\aopalliance-1.0.jar
2024-08-13 10:13:00,742 [Worker-0: Launching projectmanagement] INFO  o.eclipse.m2e.core.internal.Bundles - 	Entry: C:\Users\swapnali\OneDrive\Desktop\sts-4.23.0.RELEASE\plugins\org.eclipse.m2e.maven.runtime_3.9.700.20240602-2313\jars\guice-5.1.0.jar
2024-08-13 10:13:00,742 [Worker-0: Launching projectmanagement] INFO  o.eclipse.m2e.core.internal.Bundles - 	Entry: C:\Users\swapnali\OneDrive\Desktop\sts-4.23.0.RELEASE\plugins\org.eclipse.m2e.maven.runtime_3.9.700.20240602-2313\jars\httpclient-4.5.14.jar
2024-08-13 10:13:00,742 [Worker-0: Launching projectmanagement] INFO  o.eclipse.m2e.core.internal.Bundles - 	Entry: C:\Users\swapnali\OneDrive\Desktop\sts-4.23.0.RELEASE\plugins\org.eclipse.m2e.maven.runtime_3.9.700.20240602-2313\jars\httpcore-4.4.16.jar
2024-08-13 10:13:00,743 [Worker-0: Launching projectmanagement] INFO  o.eclipse.m2e.core.internal.Bundles - 	Entry: C:\Users\swapnali\OneDrive\Desktop\sts-4.23.0.RELEASE\plugins\org.eclipse.m2e.maven.runtime_3.9.700.20240602-2313\jars\jansi-2.4.1.jar
2024-08-13 10:13:00,743 [Worker-0: Launching projectmanagement] INFO  o.eclipse.m2e.core.internal.Bundles - 	Entry: C:\Users\swapnali\OneDrive\Desktop\sts-4.23.0.RELEASE\plugins\org.eclipse.m2e.maven.runtime_3.9.700.20240602-2313\jars\jcl-over-slf4j-1.7.36.jar
2024-08-13 10:13:00,744 [Worker-0: Launching projectmanagement] INFO  o.eclipse.m2e.core.internal.Bundles - 	Entry: C:\Users\swapnali\OneDrive\Desktop\sts-4.23.0.RELEASE\plugins\org.eclipse.m2e.maven.runtime_3.9.700.20240602-2313\jars\maven-artifact-3.9.7.jar
2024-08-13 10:13:00,744 [Worker-0: Launching projectmanagement] INFO  o.eclipse.m2e.core.internal.Bundles - 	Entry: C:\Users\swapnali\OneDrive\Desktop\sts-4.23.0.RELEASE\plugins\org.eclipse.m2e.maven.runtime_3.9.700.20240602-2313\jars\maven-builder-support-3.9.7.jar
2024-08-13 10:13:00,744 [Worker-0: Launching projectmanagement] INFO  o.eclipse.m2e.core.internal.Bundles - 	Entry: C:\Users\swapnali\OneDrive\Desktop\sts-4.23.0.RELEASE\plugins\org.eclipse.m2e.maven.runtime_3.9.700.20240602-2313\jars\maven-compat-3.9.7.jar
2024-08-13 10:13:00,744 [Worker-0: Launching projectmanagement] INFO  o.eclipse.m2e.core.internal.Bundles - 	Entry: C:\Users\swapnali\OneDrive\Desktop\sts-4.23.0.RELEASE\plugins\org.eclipse.m2e.maven.runtime_3.9.700.20240602-2313\jars\maven-core-3.9.7.jar
2024-08-13 10:13:00,745 [Worker-0: Launching projectmanagement] INFO  o.eclipse.m2e.core.internal.Bundles - 	Entry: C:\Users\swapnali\OneDrive\Desktop\sts-4.23.0.RELEASE\plugins\org.eclipse.m2e.maven.runtime_3.9.700.20240602-2313\jars\maven-embedder-3.9.7.jar
2024-08-13 10:13:00,745 [Worker-0: Launching projectmanagement] INFO  o.eclipse.m2e.core.internal.Bundles - 	Entry: C:\Users\swapnali\OneDrive\Desktop\sts-4.23.0.RELEASE\plugins\org.eclipse.m2e.maven.runtime_3.9.700.20240602-2313\jars\maven-model-3.9.7.jar
2024-08-13 10:13:00,745 [Worker-0: Launching projectmanagement] INFO  o.eclipse.m2e.core.internal.Bundles - 	Entry: C:\Users\swapnali\OneDrive\Desktop\sts-4.23.0.RELEASE\plugins\org.eclipse.m2e.maven.runtime_3.9.700.20240602-2313\jars\maven-model-builder-3.9.7.jar
2024-08-13 10:13:00,745 [Worker-0: Launching projectmanagement] INFO  o.eclipse.m2e.core.internal.Bundles - 	Entry: C:\Users\swapnali\OneDrive\Desktop\sts-4.23.0.RELEASE\plugins\org.eclipse.m2e.maven.runtime_3.9.700.20240602-2313\jars\maven-plugin-api-3.9.7.jar
2024-08-13 10:13:00,746 [Worker-0: Launching projectmanagement] INFO  o.eclipse.m2e.core.internal.Bundles - 	Entry: C:\Users\swapnali\OneDrive\Desktop\sts-4.23.0.RELEASE\plugins\org.eclipse.m2e.maven.runtime_3.9.700.20240602-2313\jars\maven-repository-metadata-3.9.7.jar
2024-08-13 10:13:00,746 [Worker-0: Launching projectmanagement] INFO  o.eclipse.m2e.core.internal.Bundles - 	Entry: C:\Users\swapnali\OneDrive\Desktop\sts-4.23.0.RELEASE\plugins\org.eclipse.m2e.maven.runtime_3.9.700.20240602-2313\jars\maven-resolver-api-1.9.20.jar
2024-08-13 10:13:00,746 [Worker-0: Launching projectmanagement] INFO  o.eclipse.m2e.core.internal.Bundles - 	Entry: C:\Users\swapnali\OneDrive\Desktop\sts-4.23.0.RELEASE\plugins\org.eclipse.m2e.maven.runtime_3.9.700.20240602-2313\jars\maven-resolver-connector-basic-1.9.20.jar
2024-08-13 10:13:00,747 [Worker-0: Launching projectmanagement] INFO  o.eclipse.m2e.core.internal.Bundles - 	Entry: C:\Users\swapnali\OneDrive\Desktop\sts-4.23.0.RELEASE\plugins\org.eclipse.m2e.maven.runtime_3.9.700.20240602-2313\jars\maven-resolver-impl-1.9.20.jar
2024-08-13 10:13:00,747 [Worker-0: Launching projectmanagement] INFO  o.eclipse.m2e.core.internal.Bundles - 	Entry: C:\Users\swapnali\OneDrive\Desktop\sts-4.23.0.RELEASE\plugins\org.eclipse.m2e.maven.runtime_3.9.700.20240602-2313\jars\maven-resolver-named-locks-1.9.20.jar
2024-08-13 10:13:00,747 [Worker-0: Launching projectmanagement] INFO  o.eclipse.m2e.core.internal.Bundles - 	Entry: C:\Users\swapnali\OneDrive\Desktop\sts-4.23.0.RELEASE\plugins\org.eclipse.m2e.maven.runtime_3.9.700.20240602-2313\jars\maven-resolver-provider-3.9.7.jar
2024-08-13 10:13:00,748 [Worker-0: Launching projectmanagement] INFO  o.eclipse.m2e.core.internal.Bundles - 	Entry: C:\Users\swapnali\OneDrive\Desktop\sts-4.23.0.RELEASE\plugins\org.eclipse.m2e.maven.runtime_3.9.700.20240602-2313\jars\maven-resolver-spi-1.9.20.jar
2024-08-13 10:13:00,748 [Worker-0: Launching projectmanagement] INFO  o.eclipse.m2e.core.internal.Bundles - 	Entry: C:\Users\swapnali\OneDrive\Desktop\sts-4.23.0.RELEASE\plugins\org.eclipse.m2e.maven.runtime_3.9.700.20240602-2313\jars\maven-resolver-transport-file-1.9.20.jar
2024-08-13 10:13:00,749 [Worker-0: Launching projectmanagement] INFO  o.eclipse.m2e.core.internal.Bundles - 	Entry: C:\Users\swapnali\OneDrive\Desktop\sts-4.23.0.RELEASE\plugins\org.eclipse.m2e.maven.runtime_3.9.700.20240602-2313\jars\maven-resolver-transport-http-1.9.20.jar
2024-08-13 10:13:00,749 [Worker-0: Launching projectmanagement] INFO  o.eclipse.m2e.core.internal.Bundles - 	Entry: C:\Users\swapnali\OneDrive\Desktop\sts-4.23.0.RELEASE\plugins\org.eclipse.m2e.maven.runtime_3.9.700.20240602-2313\jars\maven-resolver-transport-wagon-1.9.20.jar
2024-08-13 10:13:00,749 [Worker-0: Launching projectmanagement] INFO  o.eclipse.m2e.core.internal.Bundles - 	Entry: C:\Users\swapnali\OneDrive\Desktop\sts-4.23.0.RELEASE\plugins\org.eclipse.m2e.maven.runtime_3.9.700.20240602-2313\jars\maven-resolver-util-1.9.20.jar
2024-08-13 10:13:00,750 [Worker-0: Launching projectmanagement] INFO  o.eclipse.m2e.core.internal.Bundles - 	Entry: C:\Users\swapnali\OneDrive\Desktop\sts-4.23.0.RELEASE\plugins\org.eclipse.m2e.maven.runtime_3.9.700.20240602-2313\jars\maven-settings-3.9.7.jar
2024-08-13 10:13:00,750 [Worker-0: Launching projectmanagement] INFO  o.eclipse.m2e.core.internal.Bundles - 	Entry: C:\Users\swapnali\OneDrive\Desktop\sts-4.23.0.RELEASE\plugins\org.eclipse.m2e.maven.runtime_3.9.700.20240602-2313\jars\maven-settings-builder-3.9.7.jar
2024-08-13 10:13:00,750 [Worker-0: Launching projectmanagement] INFO  o.eclipse.m2e.core.internal.Bundles - 	Entry: C:\Users\swapnali\OneDrive\Desktop\sts-4.23.0.RELEASE\plugins\org.eclipse.m2e.maven.runtime_3.9.700.20240602-2313\jars\maven-shared-utils-3.4.2.jar
2024-08-13 10:13:00,751 [Worker-0: Launching projectmanagement] INFO  o.eclipse.m2e.core.internal.Bundles - 	Entry: C:\Users\swapnali\OneDrive\Desktop\sts-4.23.0.RELEASE\plugins\org.eclipse.m2e.maven.runtime_3.9.700.20240602-2313\jars\org.eclipse.sisu.inject-0.9.0.M2.jar
2024-08-13 10:13:00,751 [Worker-0: Launching projectmanagement] INFO  o.eclipse.m2e.core.internal.Bundles - 	Entry: C:\Users\swapnali\OneDrive\Desktop\sts-4.23.0.RELEASE\plugins\org.eclipse.m2e.maven.runtime_3.9.700.20240602-2313\jars\org.eclipse.sisu.plexus-0.9.0.M2.jar
2024-08-13 10:13:00,751 [Worker-0: Launching projectmanagement] INFO  o.eclipse.m2e.core.internal.Bundles - 	Entry: C:\Users\swapnali\OneDrive\Desktop\sts-4.23.0.RELEASE\plugins\org.eclipse.m2e.maven.runtime_3.9.700.20240602-2313\jars\plexus-build-api-0.0.7.jar
2024-08-13 10:13:00,752 [Worker-0: Launching projectmanagement] INFO  o.eclipse.m2e.core.internal.Bundles - 	Entry: C:\Users\swapnali\OneDrive\Desktop\sts-4.23.0.RELEASE\plugins\org.eclipse.m2e.maven.runtime_3.9.700.20240602-2313\jars\plexus-build-api-1.2.0.jar
2024-08-13 10:13:00,752 [Worker-0: Launching projectmanagement] INFO  o.eclipse.m2e.core.internal.Bundles - 	Entry: C:\Users\swapnali\OneDrive\Desktop\sts-4.23.0.RELEASE\plugins\org.eclipse.m2e.maven.runtime_3.9.700.20240602-2313\jars\plexus-cipher-2.0.jar
2024-08-13 10:13:00,752 [Worker-0: Launching projectmanagement] INFO  o.eclipse.m2e.core.internal.Bundles - 	Entry: C:\Users\swapnali\OneDrive\Desktop\sts-4.23.0.RELEASE\plugins\org.eclipse.m2e.maven.runtime_3.9.700.20240602-2313\jars\plexus-classworlds-2.8.0.jar
2024-08-13 10:13:00,753 [Worker-0: Launching projectmanagement] INFO  o.eclipse.m2e.core.internal.Bundles - 	Entry: C:\Users\swapnali\OneDrive\Desktop\sts-4.23.0.RELEASE\plugins\org.eclipse.m2e.maven.runtime_3.9.700.20240602-2313\jars\plexus-component-annotations-2.1.0.jar
2024-08-13 10:13:00,753 [Worker-0: Launching projectmanagement] INFO  o.eclipse.m2e.core.internal.Bundles - 	Entry: C:\Users\swapnali\OneDrive\Desktop\sts-4.23.0.RELEASE\plugins\org.eclipse.m2e.maven.runtime_3.9.700.20240602-2313\jars\plexus-interpolation-1.27.jar
2024-08-13 10:13:00,753 [Worker-0: Launching projectmanagement] INFO  o.eclipse.m2e.core.internal.Bundles - 	Entry: C:\Users\swapnali\OneDrive\Desktop\sts-4.23.0.RELEASE\plugins\org.eclipse.m2e.maven.runtime_3.9.700.20240602-2313\jars\plexus-sec-dispatcher-2.0.jar
2024-08-13 10:13:00,754 [Worker-0: Launching projectmanagement] INFO  o.eclipse.m2e.core.internal.Bundles - 	Entry: C:\Users\swapnali\OneDrive\Desktop\sts-4.23.0.RELEASE\plugins\org.eclipse.m2e.maven.runtime_3.9.700.20240602-2313\jars\plexus-utils-3.5.1.jar
2024-08-13 10:13:00,754 [Worker-0: Launching projectmanagement] INFO  o.eclipse.m2e.core.internal.Bundles - 	Entry: C:\Users\swapnali\OneDrive\Desktop\sts-4.23.0.RELEASE\plugins\org.eclipse.m2e.maven.runtime_3.9.700.20240602-2313\jars\wagon-file-3.5.3.jar
2024-08-13 10:13:00,754 [Worker-0: Launching projectmanagement] INFO  o.eclipse.m2e.core.internal.Bundles - 	Entry: C:\Users\swapnali\OneDrive\Desktop\sts-4.23.0.RELEASE\plugins\org.eclipse.m2e.maven.runtime_3.9.700.20240602-2313\jars\wagon-http-3.5.3.jar
2024-08-13 10:13:00,754 [Worker-0: Launching projectmanagement] INFO  o.eclipse.m2e.core.internal.Bundles - 	Entry: C:\Users\swapnali\OneDrive\Desktop\sts-4.23.0.RELEASE\plugins\org.eclipse.m2e.maven.runtime_3.9.700.20240602-2313\jars\wagon-http-shared-3.5.3.jar
2024-08-13 10:13:00,755 [Worker-0: Launching projectmanagement] INFO  o.eclipse.m2e.core.internal.Bundles - 	Entry: C:\Users\swapnali\OneDrive\Desktop\sts-4.23.0.RELEASE\plugins\org.eclipse.m2e.maven.runtime_3.9.700.20240602-2313\jars\wagon-provider-api-3.5.3.jar
2024-08-13 10:13:00,759 [Worker-0: Launching projectmanagement] INFO  o.eclipse.m2e.core.internal.Bundles - getClasspathEntries(Bundle=com.google.guava_33.2.0.jre [29])
2024-08-13 10:13:00,761 [Worker-0: Launching projectmanagement] INFO  o.eclipse.m2e.core.internal.Bundles - 	Entry: C:\Users\swapnali\OneDrive\Desktop\sts-4.23.0.RELEASE\plugins\com.google.guava_33.2.0.jre.jar
2024-08-13 10:13:00,761 [Worker-0: Launching projectmanagement] INFO  o.eclipse.m2e.core.internal.Bundles - getClasspathEntries(Bundle=slf4j.api_2.0.13 [592])
2024-08-13 10:13:00,762 [Worker-0: Launching projectmanagement] INFO  o.eclipse.m2e.core.internal.Bundles - 	Entry: C:\Users\swapnali\OneDrive\Desktop\sts-4.23.0.RELEASE\plugins\slf4j.api_2.0.13.jar
2024-08-13 10:13:00,762 [Worker-0: Launching projectmanagement] INFO  o.eclipse.m2e.core.internal.Bundles - getClasspathEntries(Bundle=jakarta.inject.jakarta.inject-api_1.0.5 [44])
2024-08-13 10:13:00,762 [Worker-0: Launching projectmanagement] INFO  o.eclipse.m2e.core.internal.Bundles - 	Entry: C:\Users\swapnali\OneDrive\Desktop\sts-4.23.0.RELEASE\plugins\jakarta.inject.jakarta.inject-api_1.0.5.jar
2024-08-13 10:13:00,763 [Worker-0: Launching projectmanagement] INFO  o.eclipse.m2e.core.internal.Bundles - getClasspathEntries(Bundle=javax.annotation_1.3.5.v20200909-1856 [53])
2024-08-13 10:13:00,763 [Worker-0: Launching projectmanagement] INFO  o.eclipse.m2e.core.internal.Bundles - 	Entry: C:\Users\swapnali\OneDrive\Desktop\sts-4.23.0.RELEASE\plugins\javax.annotation_1.3.5.v20200909-1856.jar
2024-08-13 10:13:00,763 [Worker-0: Launching projectmanagement] INFO  o.eclipse.m2e.core.internal.Bundles - getClasspathEntries(Bundle=org.apache.commons.cli_1.8.0 [76])
2024-08-13 10:13:00,765 [Worker-0: Launching projectmanagement] INFO  o.eclipse.m2e.core.internal.Bundles - 	Entry: C:\Users\swapnali\OneDrive\Desktop\sts-4.23.0.RELEASE\plugins\org.apache.commons.cli_1.8.0.jar
2024-08-13 10:13:00,765 [Worker-0: Launching projectmanagement] INFO  o.eclipse.m2e.core.internal.Bundles - getClasspathEntries(Bundle=org.apache.commons.commons-codec_1.16.0 [78])
2024-08-13 10:13:00,766 [Worker-0: Launching projectmanagement] INFO  o.eclipse.m2e.core.internal.Bundles - 	Entry: C:\Users\swapnali\OneDrive\Desktop\sts-4.23.0.RELEASE\plugins\org.apache.commons.commons-codec_1.16.0.jar
2024-08-13 10:13:00,767 [Worker-0: Launching projectmanagement] INFO  o.eclipse.m2e.core.internal.Bundles - getClasspathEntries(Bundle=org.apache.commons.lang3_3.14.0 [82])
2024-08-13 10:13:00,768 [Worker-0: Launching projectmanagement] INFO  o.eclipse.m2e.core.internal.Bundles - 	Entry: C:\Users\swapnali\OneDrive\Desktop\sts-4.23.0.RELEASE\plugins\org.apache.commons.lang3_3.14.0.jar
2024-08-13 10:13:00,768 [Worker-0: Launching projectmanagement] INFO  o.eclipse.m2e.core.internal.Bundles - getClasspathEntries(Bundle=com.google.guava.failureaccess_1.0.2 [30])
2024-08-13 10:13:00,770 [Worker-0: Launching projectmanagement] INFO  o.eclipse.m2e.core.internal.Bundles - 	Entry: C:\Users\swapnali\OneDrive\Desktop\sts-4.23.0.RELEASE\plugins\com.google.guava.failureaccess_1.0.2.jar
2024-08-13 10:13:00,776 [Worker-0: Launching projectmanagement] INFO  o.e.m.i.launch.MavenLaunchDelegate - Run build in "C:\Users\swapnali\OneDrive\Desktop\Atoms-Unified Management System\For Trials\projectmanagement":
2024-08-13 10:13:00,784 [Worker-0: Launching projectmanagement] INFO  o.e.m.i.launch.MavenLaunchDelegate -  mvn  -B -Dstyle.color=always clean package
2024-08-13 10:17:28,349 [Worker-0: Building] INFO  o.a.m.s.f.DefaultMavenResourcesFiltering - Copying 1 resource from src\main\resources to target\classes
2024-08-13 10:17:28,374 [Worker-0: Building] INFO  o.a.m.s.f.DefaultMavenResourcesFiltering - Copying 0 resource from src\main\resources to target\classes
2024-08-13 10:17:28,384 [Worker-0: Building] INFO  o.a.m.s.f.DefaultMavenResourcesFiltering - skip non existing resourceDirectory C:\Users\swapnali\OneDrive\Desktop\Atoms-Unified Management System\For Trials\projectmanagement\src\test\resources
2024-08-13 10:18:40,632 [main] INFO  o.e.m2e.actions.ExecutePomAction - Creating new launch configuration
2024-08-13 10:19:00,257 [Worker-17: Launching projectmanagement (1)] INFO  o.eclipse.m2e.core.internal.Bundles - getClasspathEntries(Bundle=org.eclipse.m2e.maven.runtime_3.9.700.20240602-2313 [359])
2024-08-13 10:19:00,260 [Worker-17: Launching projectmanagement (1)] INFO  o.eclipse.m2e.core.internal.Bundles - 	Entry: C:\Users\swapnali\OneDrive\Desktop\sts-4.23.0.RELEASE\plugins\org.eclipse.m2e.maven.runtime_3.9.700.20240602-2313
2024-08-13 10:19:00,263 [Worker-17: Launching projectmanagement (1)] INFO  o.eclipse.m2e.core.internal.Bundles - 	Entry: C:\Users\swapnali\OneDrive\Desktop\sts-4.23.0.RELEASE\plugins\org.eclipse.m2e.maven.runtime_3.9.700.20240602-2313\jars\aopalliance-1.0.jar
2024-08-13 10:19:00,264 [Worker-17: Launching projectmanagement (1)] INFO  o.eclipse.m2e.core.internal.Bundles - 	Entry: C:\Users\swapnali\OneDrive\Desktop\sts-4.23.0.RELEASE\plugins\org.eclipse.m2e.maven.runtime_3.9.700.20240602-2313\jars\guice-5.1.0.jar
2024-08-13 10:19:00,265 [Worker-17: Launching projectmanagement (1)] INFO  o.eclipse.m2e.core.internal.Bundles - 	Entry: C:\Users\swapnali\OneDrive\Desktop\sts-4.23.0.RELEASE\plugins\org.eclipse.m2e.maven.runtime_3.9.700.20240602-2313\jars\httpclient-4.5.14.jar
2024-08-13 10:19:00,265 [Worker-17: Launching projectmanagement (1)] INFO  o.eclipse.m2e.core.internal.Bundles - 	Entry: C:\Users\swapnali\OneDrive\Desktop\sts-4.23.0.RELEASE\plugins\org.eclipse.m2e.maven.runtime_3.9.700.20240602-2313\jars\httpcore-4.4.16.jar
2024-08-13 10:19:00,265 [Worker-17: Launching projectmanagement (1)] INFO  o.eclipse.m2e.core.internal.Bundles - 	Entry: C:\Users\swapnali\OneDrive\Desktop\sts-4.23.0.RELEASE\plugins\org.eclipse.m2e.maven.runtime_3.9.700.20240602-2313\jars\jansi-2.4.1.jar
2024-08-13 10:19:00,266 [Worker-17: Launching projectmanagement (1)] INFO  o.eclipse.m2e.core.internal.Bundles - 	Entry: C:\Users\swapnali\OneDrive\Desktop\sts-4.23.0.RELEASE\plugins\org.eclipse.m2e.maven.runtime_3.9.700.20240602-2313\jars\jcl-over-slf4j-1.7.36.jar
2024-08-13 10:19:00,266 [Worker-17: Launching projectmanagement (1)] INFO  o.eclipse.m2e.core.internal.Bundles - 	Entry: C:\Users\swapnali\OneDrive\Desktop\sts-4.23.0.RELEASE\plugins\org.eclipse.m2e.maven.runtime_3.9.700.20240602-2313\jars\maven-artifact-3.9.7.jar
2024-08-13 10:19:00,267 [Worker-17: Launching projectmanagement (1)] INFO  o.eclipse.m2e.core.internal.Bundles - 	Entry: C:\Users\swapnali\OneDrive\Desktop\sts-4.23.0.RELEASE\plugins\org.eclipse.m2e.maven.runtime_3.9.700.20240602-2313\jars\maven-builder-support-3.9.7.jar
2024-08-13 10:19:00,267 [Worker-17: Launching projectmanagement (1)] INFO  o.eclipse.m2e.core.internal.Bundles - 	Entry: C:\Users\swapnali\OneDrive\Desktop\sts-4.23.0.RELEASE\plugins\org.eclipse.m2e.maven.runtime_3.9.700.20240602-2313\jars\maven-compat-3.9.7.jar
2024-08-13 10:19:00,267 [Worker-17: Launching projectmanagement (1)] INFO  o.eclipse.m2e.core.internal.Bundles - 	Entry: C:\Users\swapnali\OneDrive\Desktop\sts-4.23.0.RELEASE\plugins\org.eclipse.m2e.maven.runtime_3.9.700.20240602-2313\jars\maven-core-3.9.7.jar
2024-08-13 10:19:00,268 [Worker-17: Launching projectmanagement (1)] INFO  o.eclipse.m2e.core.internal.Bundles - 	Entry: C:\Users\swapnali\OneDrive\Desktop\sts-4.23.0.RELEASE\plugins\org.eclipse.m2e.maven.runtime_3.9.700.20240602-2313\jars\maven-embedder-3.9.7.jar
2024-08-13 10:19:00,268 [Worker-17: Launching projectmanagement (1)] INFO  o.eclipse.m2e.core.internal.Bundles - 	Entry: C:\Users\swapnali\OneDrive\Desktop\sts-4.23.0.RELEASE\plugins\org.eclipse.m2e.maven.runtime_3.9.700.20240602-2313\jars\maven-model-3.9.7.jar
2024-08-13 10:19:00,269 [Worker-17: Launching projectmanagement (1)] INFO  o.eclipse.m2e.core.internal.Bundles - 	Entry: C:\Users\swapnali\OneDrive\Desktop\sts-4.23.0.RELEASE\plugins\org.eclipse.m2e.maven.runtime_3.9.700.20240602-2313\jars\maven-model-builder-3.9.7.jar
2024-08-13 10:19:00,269 [Worker-17: Launching projectmanagement (1)] INFO  o.eclipse.m2e.core.internal.Bundles - 	Entry: C:\Users\swapnali\OneDrive\Desktop\sts-4.23.0.RELEASE\plugins\org.eclipse.m2e.maven.runtime_3.9.700.20240602-2313\jars\maven-plugin-api-3.9.7.jar
2024-08-13 10:19:00,270 [Worker-17: Launching projectmanagement (1)] INFO  o.eclipse.m2e.core.internal.Bundles - 	Entry: C:\Users\swapnali\OneDrive\Desktop\sts-4.23.0.RELEASE\plugins\org.eclipse.m2e.maven.runtime_3.9.700.20240602-2313\jars\maven-repository-metadata-3.9.7.jar
2024-08-13 10:19:00,270 [Worker-17: Launching projectmanagement (1)] INFO  o.eclipse.m2e.core.internal.Bundles - 	Entry: C:\Users\swapnali\OneDrive\Desktop\sts-4.23.0.RELEASE\plugins\org.eclipse.m2e.maven.runtime_3.9.700.20240602-2313\jars\maven-resolver-api-1.9.20.jar
2024-08-13 10:19:00,270 [Worker-17: Launching projectmanagement (1)] INFO  o.eclipse.m2e.core.internal.Bundles - 	Entry: C:\Users\swapnali\OneDrive\Desktop\sts-4.23.0.RELEASE\plugins\org.eclipse.m2e.maven.runtime_3.9.700.20240602-2313\jars\maven-resolver-connector-basic-1.9.20.jar
2024-08-13 10:19:00,271 [Worker-17: Launching projectmanagement (1)] INFO  o.eclipse.m2e.core.internal.Bundles - 	Entry: C:\Users\swapnali\OneDrive\Desktop\sts-4.23.0.RELEASE\plugins\org.eclipse.m2e.maven.runtime_3.9.700.20240602-2313\jars\maven-resolver-impl-1.9.20.jar
2024-08-13 10:19:00,271 [Worker-17: Launching projectmanagement (1)] INFO  o.eclipse.m2e.core.internal.Bundles - 	Entry: C:\Users\swapnali\OneDrive\Desktop\sts-4.23.0.RELEASE\plugins\org.eclipse.m2e.maven.runtime_3.9.700.20240602-2313\jars\maven-resolver-named-locks-1.9.20.jar
2024-08-13 10:19:00,271 [Worker-17: Launching projectmanagement (1)] INFO  o.eclipse.m2e.core.internal.Bundles - 	Entry: C:\Users\swapnali\OneDrive\Desktop\sts-4.23.0.RELEASE\plugins\org.eclipse.m2e.maven.runtime_3.9.700.20240602-2313\jars\maven-resolver-provider-3.9.7.jar
2024-08-13 10:19:00,272 [Worker-17: Launching projectmanagement (1)] INFO  o.eclipse.m2e.core.internal.Bundles - 	Entry: C:\Users\swapnali\OneDrive\Desktop\sts-4.23.0.RELEASE\plugins\org.eclipse.m2e.maven.runtime_3.9.700.20240602-2313\jars\maven-resolver-spi-1.9.20.jar
2024-08-13 10:19:00,272 [Worker-17: Launching projectmanagement (1)] INFO  o.eclipse.m2e.core.internal.Bundles - 	Entry: C:\Users\swapnali\OneDrive\Desktop\sts-4.23.0.RELEASE\plugins\org.eclipse.m2e.maven.runtime_3.9.700.20240602-2313\jars\maven-resolver-transport-file-1.9.20.jar
2024-08-13 10:19:00,273 [Worker-17: Launching projectmanagement (1)] INFO  o.eclipse.m2e.core.internal.Bundles - 	Entry: C:\Users\swapnali\OneDrive\Desktop\sts-4.23.0.RELEASE\plugins\org.eclipse.m2e.maven.runtime_3.9.700.20240602-2313\jars\maven-resolver-transport-http-1.9.20.jar
2024-08-13 10:19:00,274 [Worker-17: Launching projectmanagement (1)] INFO  o.eclipse.m2e.core.internal.Bundles - 	Entry: C:\Users\swapnali\OneDrive\Desktop\sts-4.23.0.RELEASE\plugins\org.eclipse.m2e.maven.runtime_3.9.700.20240602-2313\jars\maven-resolver-transport-wagon-1.9.20.jar
2024-08-13 10:19:00,275 [Worker-17: Launching projectmanagement (1)] INFO  o.eclipse.m2e.core.internal.Bundles - 	Entry: C:\Users\swapnali\OneDrive\Desktop\sts-4.23.0.RELEASE\plugins\org.eclipse.m2e.maven.runtime_3.9.700.20240602-2313\jars\maven-resolver-util-1.9.20.jar
2024-08-13 10:19:00,277 [Worker-17: Launching projectmanagement (1)] INFO  o.eclipse.m2e.core.internal.Bundles - 	Entry: C:\Users\swapnali\OneDrive\Desktop\sts-4.23.0.RELEASE\plugins\org.eclipse.m2e.maven.runtime_3.9.700.20240602-2313\jars\maven-settings-3.9.7.jar
2024-08-13 10:19:00,278 [Worker-17: Launching projectmanagement (1)] INFO  o.eclipse.m2e.core.internal.Bundles - 	Entry: C:\Users\swapnali\OneDrive\Desktop\sts-4.23.0.RELEASE\plugins\org.eclipse.m2e.maven.runtime_3.9.700.20240602-2313\jars\maven-settings-builder-3.9.7.jar
2024-08-13 10:19:00,278 [Worker-17: Launching projectmanagement (1)] INFO  o.eclipse.m2e.core.internal.Bundles - 	Entry: C:\Users\swapnali\OneDrive\Desktop\sts-4.23.0.RELEASE\plugins\org.eclipse.m2e.maven.runtime_3.9.700.20240602-2313\jars\maven-shared-utils-3.4.2.jar
2024-08-13 10:19:00,279 [Worker-17: Launching projectmanagement (1)] INFO  o.eclipse.m2e.core.internal.Bundles - 	Entry: C:\Users\swapnali\OneDrive\Desktop\sts-4.23.0.RELEASE\plugins\org.eclipse.m2e.maven.runtime_3.9.700.20240602-2313\jars\org.eclipse.sisu.inject-0.9.0.M2.jar
2024-08-13 10:19:00,279 [Worker-17: Launching projectmanagement (1)] INFO  o.eclipse.m2e.core.internal.Bundles - 	Entry: C:\Users\swapnali\OneDrive\Desktop\sts-4.23.0.RELEASE\plugins\org.eclipse.m2e.maven.runtime_3.9.700.20240602-2313\jars\org.eclipse.sisu.plexus-0.9.0.M2.jar
2024-08-13 10:19:00,280 [Worker-17: Launching projectmanagement (1)] INFO  o.eclipse.m2e.core.internal.Bundles - 	Entry: C:\Users\swapnali\OneDrive\Desktop\sts-4.23.0.RELEASE\plugins\org.eclipse.m2e.maven.runtime_3.9.700.20240602-2313\jars\plexus-build-api-0.0.7.jar
2024-08-13 10:19:00,280 [Worker-17: Launching projectmanagement (1)] INFO  o.eclipse.m2e.core.internal.Bundles - 	Entry: C:\Users\swapnali\OneDrive\Desktop\sts-4.23.0.RELEASE\plugins\org.eclipse.m2e.maven.runtime_3.9.700.20240602-2313\jars\plexus-build-api-1.2.0.jar
2024-08-13 10:19:00,280 [Worker-17: Launching projectmanagement (1)] INFO  o.eclipse.m2e.core.internal.Bundles - 	Entry: C:\Users\swapnali\OneDrive\Desktop\sts-4.23.0.RELEASE\plugins\org.eclipse.m2e.maven.runtime_3.9.700.20240602-2313\jars\plexus-cipher-2.0.jar
2024-08-13 10:19:00,280 [Worker-17: Launching projectmanagement (1)] INFO  o.eclipse.m2e.core.internal.Bundles - 	Entry: C:\Users\swapnali\OneDrive\Desktop\sts-4.23.0.RELEASE\plugins\org.eclipse.m2e.maven.runtime_3.9.700.20240602-2313\jars\plexus-classworlds-2.8.0.jar
2024-08-13 10:19:00,281 [Worker-17: Launching projectmanagement (1)] INFO  o.eclipse.m2e.core.internal.Bundles - 	Entry: C:\Users\swapnali\OneDrive\Desktop\sts-4.23.0.RELEASE\plugins\org.eclipse.m2e.maven.runtime_3.9.700.20240602-2313\jars\plexus-component-annotations-2.1.0.jar
2024-08-13 10:19:00,281 [Worker-17: Launching projectmanagement (1)] INFO  o.eclipse.m2e.core.internal.Bundles - 	Entry: C:\Users\swapnali\OneDrive\Desktop\sts-4.23.0.RELEASE\plugins\org.eclipse.m2e.maven.runtime_3.9.700.20240602-2313\jars\plexus-interpolation-1.27.jar
2024-08-13 10:19:00,281 [Worker-17: Launching projectmanagement (1)] INFO  o.eclipse.m2e.core.internal.Bundles - 	Entry: C:\Users\swapnali\OneDrive\Desktop\sts-4.23.0.RELEASE\plugins\org.eclipse.m2e.maven.runtime_3.9.700.20240602-2313\jars\plexus-sec-dispatcher-2.0.jar
2024-08-13 10:19:00,282 [Worker-17: Launching projectmanagement (1)] INFO  o.eclipse.m2e.core.internal.Bundles - 	Entry: C:\Users\swapnali\OneDrive\Desktop\sts-4.23.0.RELEASE\plugins\org.eclipse.m2e.maven.runtime_3.9.700.20240602-2313\jars\plexus-utils-3.5.1.jar
2024-08-13 10:19:00,282 [Worker-17: Launching projectmanagement (1)] INFO  o.eclipse.m2e.core.internal.Bundles - 	Entry: C:\Users\swapnali\OneDrive\Desktop\sts-4.23.0.RELEASE\plugins\org.eclipse.m2e.maven.runtime_3.9.700.20240602-2313\jars\wagon-file-3.5.3.jar
2024-08-13 10:19:00,283 [Worker-17: Launching projectmanagement (1)] INFO  o.eclipse.m2e.core.internal.Bundles - 	Entry: C:\Users\swapnali\OneDrive\Desktop\sts-4.23.0.RELEASE\plugins\org.eclipse.m2e.maven.runtime_3.9.700.20240602-2313\jars\wagon-http-3.5.3.jar
2024-08-13 10:19:00,283 [Worker-17: Launching projectmanagement (1)] INFO  o.eclipse.m2e.core.internal.Bundles - 	Entry: C:\Users\swapnali\OneDrive\Desktop\sts-4.23.0.RELEASE\plugins\org.eclipse.m2e.maven.runtime_3.9.700.20240602-2313\jars\wagon-http-shared-3.5.3.jar
2024-08-13 10:19:00,283 [Worker-17: Launching projectmanagement (1)] INFO  o.eclipse.m2e.core.internal.Bundles - 	Entry: C:\Users\swapnali\OneDrive\Desktop\sts-4.23.0.RELEASE\plugins\org.eclipse.m2e.maven.runtime_3.9.700.20240602-2313\jars\wagon-provider-api-3.5.3.jar
2024-08-13 10:19:00,284 [Worker-17: Launching projectmanagement (1)] INFO  o.eclipse.m2e.core.internal.Bundles - getClasspathEntries(Bundle=com.google.guava_33.2.0.jre [29])
2024-08-13 10:19:00,286 [Worker-17: Launching projectmanagement (1)] INFO  o.eclipse.m2e.core.internal.Bundles - 	Entry: C:\Users\swapnali\OneDrive\Desktop\sts-4.23.0.RELEASE\plugins\com.google.guava_33.2.0.jre.jar
2024-08-13 10:19:00,287 [Worker-17: Launching projectmanagement (1)] INFO  o.eclipse.m2e.core.internal.Bundles - getClasspathEntries(Bundle=slf4j.api_2.0.13 [592])
2024-08-13 10:19:00,288 [Worker-17: Launching projectmanagement (1)] INFO  o.eclipse.m2e.core.internal.Bundles - 	Entry: C:\Users\swapnali\OneDrive\Desktop\sts-4.23.0.RELEASE\plugins\slf4j.api_2.0.13.jar
2024-08-13 10:19:00,288 [Worker-17: Launching projectmanagement (1)] INFO  o.eclipse.m2e.core.internal.Bundles - getClasspathEntries(Bundle=jakarta.inject.jakarta.inject-api_1.0.5 [44])
2024-08-13 10:19:00,290 [Worker-17: Launching projectmanagement (1)] INFO  o.eclipse.m2e.core.internal.Bundles - 	Entry: C:\Users\swapnali\OneDrive\Desktop\sts-4.23.0.RELEASE\plugins\jakarta.inject.jakarta.inject-api_1.0.5.jar
2024-08-13 10:19:00,290 [Worker-17: Launching projectmanagement (1)] INFO  o.eclipse.m2e.core.internal.Bundles - getClasspathEntries(Bundle=javax.annotation_1.3.5.v20200909-1856 [53])
2024-08-13 10:19:00,292 [Worker-17: Launching projectmanagement (1)] INFO  o.eclipse.m2e.core.internal.Bundles - 	Entry: C:\Users\swapnali\OneDrive\Desktop\sts-4.23.0.RELEASE\plugins\javax.annotation_1.3.5.v20200909-1856.jar
2024-08-13 10:19:00,293 [Worker-17: Launching projectmanagement (1)] INFO  o.eclipse.m2e.core.internal.Bundles - getClasspathEntries(Bundle=org.apache.commons.cli_1.8.0 [76])
2024-08-13 10:19:00,293 [Worker-17: Launching projectmanagement (1)] INFO  o.eclipse.m2e.core.internal.Bundles - 	Entry: C:\Users\swapnali\OneDrive\Desktop\sts-4.23.0.RELEASE\plugins\org.apache.commons.cli_1.8.0.jar
2024-08-13 10:19:00,293 [Worker-17: Launching projectmanagement (1)] INFO  o.eclipse.m2e.core.internal.Bundles - getClasspathEntries(Bundle=org.apache.commons.commons-codec_1.16.0 [78])
2024-08-13 10:19:00,294 [Worker-17: Launching projectmanagement (1)] INFO  o.eclipse.m2e.core.internal.Bundles - 	Entry: C:\Users\swapnali\OneDrive\Desktop\sts-4.23.0.RELEASE\plugins\org.apache.commons.commons-codec_1.16.0.jar
2024-08-13 10:19:00,294 [Worker-17: Launching projectmanagement (1)] INFO  o.eclipse.m2e.core.internal.Bundles - getClasspathEntries(Bundle=org.apache.commons.lang3_3.14.0 [82])
2024-08-13 10:19:00,295 [Worker-17: Launching projectmanagement (1)] INFO  o.eclipse.m2e.core.internal.Bundles - 	Entry: C:\Users\swapnali\OneDrive\Desktop\sts-4.23.0.RELEASE\plugins\org.apache.commons.lang3_3.14.0.jar
2024-08-13 10:19:00,295 [Worker-17: Launching projectmanagement (1)] INFO  o.eclipse.m2e.core.internal.Bundles - getClasspathEntries(Bundle=com.google.guava.failureaccess_1.0.2 [30])
2024-08-13 10:19:00,296 [Worker-17: Launching projectmanagement (1)] INFO  o.eclipse.m2e.core.internal.Bundles - 	Entry: C:\Users\swapnali\OneDrive\Desktop\sts-4.23.0.RELEASE\plugins\com.google.guava.failureaccess_1.0.2.jar
2024-08-13 10:19:00,298 [Worker-17: Launching projectmanagement (1)] INFO  o.e.m.i.launch.MavenLaunchDelegate - Run build in "C:\Users\swapnali\OneDrive\Desktop\Atoms-Unified Management System\For Trials\projectmanagement":
2024-08-13 10:19:00,299 [Worker-17: Launching projectmanagement (1)] INFO  o.e.m.i.launch.MavenLaunchDelegate -  mvn  -B -Dstyle.color=always clean package
2024-08-13 10:20:32,032 [Worker-18: Updating Maven Project] INFO  o.e.m.c.i.p.ProjectConfigurationManager - Update started
2024-08-13 10:20:32,092 [Worker-18: Updating Maven Project] ERROR o.e.m.c.i.URLConnectionCaches - Unexpected URLConnection defaultUseCaches enabled
2024-08-13 10:20:33,440 [Worker-18: Updating Maven Project] INFO  o.e.m.c.i.l.LifecycleMappingFactory - Using org.eclipse.m2e.jdt.JarLifecycleMapping lifecycle mapping for MavenProject: com.pms:projectmanagement:0.0.1-SNAPSHOT @ C:\Users\swapnali\OneDrive\Desktop\Atoms-Unified Management System\For Trials\projectmanagement\pom.xml.
2024-08-13 10:20:35,600 [Worker-18: Updating Maven Project] ERROR o.e.m.c.i.URLConnectionCaches - Unexpected URLConnection defaultUseCaches enabled
2024-08-13 10:20:35,826 [Worker-18: Updating Maven Project] INFO  o.e.m.j.i.AbstractJavaProjectConfigurator - Adding source folder /projectmanagement/src/main/java
2024-08-13 10:20:35,830 [Worker-18: Updating Maven Project] INFO  o.e.m.j.i.AbstractJavaProjectConfigurator - Adding resource folder /projectmanagement/src/main/resources
2024-08-13 10:20:35,832 [Worker-18: Updating Maven Project] INFO  o.e.m.j.i.AbstractJavaProjectConfigurator - Adding resource folder /projectmanagement/src/main/resources
2024-08-13 10:20:35,833 [Worker-18: Updating Maven Project] INFO  o.e.m.j.i.AbstractJavaProjectConfigurator - Adding source folder /projectmanagement/src/test/java
2024-08-13 10:20:35,835 [Worker-18: Updating Maven Project] INFO  o.e.m.j.i.AbstractJavaProjectConfigurator - Adding resource folder /projectmanagement/src/test/resources
2024-08-13 10:20:36,558 [Worker-18: Updating Maven Project] INFO  o.e.m.c.i.p.ProjectConfigurationManager - Update completed for 1 poms: local refresh takes 0.00 sec, refresh facades takes 3.00 sec, update config takes 0.00 sec 
2024-08-13 10:20:38,479 [Worker-17: Building] ERROR o.e.m.c.i.URLConnectionCaches - Unexpected URLConnection defaultUseCaches enabled
2024-08-13 10:20:38,616 [Worker-17: Building] INFO  o.a.m.s.f.DefaultMavenResourcesFiltering - Copying 1 resource from src\main\resources to target\classes
2024-08-13 10:20:38,635 [Worker-17: Building] INFO  o.a.m.s.f.DefaultMavenResourcesFiltering - Copying 0 resource from src\main\resources to target\classes
2024-08-13 10:20:38,641 [Worker-17: Building] INFO  o.a.m.s.f.DefaultMavenResourcesFiltering - skip non existing resourceDirectory C:\Users\swapnali\OneDrive\Desktop\Atoms-Unified Management System\For Trials\projectmanagement\src\test\resources
2024-08-13 10:20:50,443 [main] INFO  o.e.m2e.actions.ExecutePomAction - Creating new launch configuration
2024-08-13 10:20:53,754 [Worker-18: Launching projectmanagement (2)] INFO  o.eclipse.m2e.core.internal.Bundles - getClasspathEntries(Bundle=org.eclipse.m2e.maven.runtime_3.9.700.20240602-2313 [359])
2024-08-13 10:20:53,756 [Worker-18: Launching projectmanagement (2)] INFO  o.eclipse.m2e.core.internal.Bundles - 	Entry: C:\Users\swapnali\OneDrive\Desktop\sts-4.23.0.RELEASE\plugins\org.eclipse.m2e.maven.runtime_3.9.700.20240602-2313
2024-08-13 10:20:53,757 [Worker-18: Launching projectmanagement (2)] INFO  o.eclipse.m2e.core.internal.Bundles - 	Entry: C:\Users\swapnali\OneDrive\Desktop\sts-4.23.0.RELEASE\plugins\org.eclipse.m2e.maven.runtime_3.9.700.20240602-2313\jars\aopalliance-1.0.jar
2024-08-13 10:20:53,758 [Worker-18: Launching projectmanagement (2)] INFO  o.eclipse.m2e.core.internal.Bundles - 	Entry: C:\Users\swapnali\OneDrive\Desktop\sts-4.23.0.RELEASE\plugins\org.eclipse.m2e.maven.runtime_3.9.700.20240602-2313\jars\guice-5.1.0.jar
2024-08-13 10:20:53,758 [Worker-18: Launching projectmanagement (2)] INFO  o.eclipse.m2e.core.internal.Bundles - 	Entry: C:\Users\swapnali\OneDrive\Desktop\sts-4.23.0.RELEASE\plugins\org.eclipse.m2e.maven.runtime_3.9.700.20240602-2313\jars\httpclient-4.5.14.jar
2024-08-13 10:20:53,758 [Worker-18: Launching projectmanagement (2)] INFO  o.eclipse.m2e.core.internal.Bundles - 	Entry: C:\Users\swapnali\OneDrive\Desktop\sts-4.23.0.RELEASE\plugins\org.eclipse.m2e.maven.runtime_3.9.700.20240602-2313\jars\httpcore-4.4.16.jar
2024-08-13 10:20:53,758 [Worker-18: Launching projectmanagement (2)] INFO  o.eclipse.m2e.core.internal.Bundles - 	Entry: C:\Users\swapnali\OneDrive\Desktop\sts-4.23.0.RELEASE\plugins\org.eclipse.m2e.maven.runtime_3.9.700.20240602-2313\jars\jansi-2.4.1.jar
2024-08-13 10:20:53,759 [Worker-18: Launching projectmanagement (2)] INFO  o.eclipse.m2e.core.internal.Bundles - 	Entry: C:\Users\swapnali\OneDrive\Desktop\sts-4.23.0.RELEASE\plugins\org.eclipse.m2e.maven.runtime_3.9.700.20240602-2313\jars\jcl-over-slf4j-1.7.36.jar
2024-08-13 10:20:53,759 [Worker-18: Launching projectmanagement (2)] INFO  o.eclipse.m2e.core.internal.Bundles - 	Entry: C:\Users\swapnali\OneDrive\Desktop\sts-4.23.0.RELEASE\plugins\org.eclipse.m2e.maven.runtime_3.9.700.20240602-2313\jars\maven-artifact-3.9.7.jar
2024-08-13 10:20:53,759 [Worker-18: Launching projectmanagement (2)] INFO  o.eclipse.m2e.core.internal.Bundles - 	Entry: C:\Users\swapnali\OneDrive\Desktop\sts-4.23.0.RELEASE\plugins\org.eclipse.m2e.maven.runtime_3.9.700.20240602-2313\jars\maven-builder-support-3.9.7.jar
2024-08-13 10:20:53,760 [Worker-18: Launching projectmanagement (2)] INFO  o.eclipse.m2e.core.internal.Bundles - 	Entry: C:\Users\swapnali\OneDrive\Desktop\sts-4.23.0.RELEASE\plugins\org.eclipse.m2e.maven.runtime_3.9.700.20240602-2313\jars\maven-compat-3.9.7.jar
2024-08-13 10:20:53,760 [Worker-18: Launching projectmanagement (2)] INFO  o.eclipse.m2e.core.internal.Bundles - 	Entry: C:\Users\swapnali\OneDrive\Desktop\sts-4.23.0.RELEASE\plugins\org.eclipse.m2e.maven.runtime_3.9.700.20240602-2313\jars\maven-core-3.9.7.jar
2024-08-13 10:20:53,760 [Worker-18: Launching projectmanagement (2)] INFO  o.eclipse.m2e.core.internal.Bundles - 	Entry: C:\Users\swapnali\OneDrive\Desktop\sts-4.23.0.RELEASE\plugins\org.eclipse.m2e.maven.runtime_3.9.700.20240602-2313\jars\maven-embedder-3.9.7.jar
2024-08-13 10:20:53,761 [Worker-18: Launching projectmanagement (2)] INFO  o.eclipse.m2e.core.internal.Bundles - 	Entry: C:\Users\swapnali\OneDrive\Desktop\sts-4.23.0.RELEASE\plugins\org.eclipse.m2e.maven.runtime_3.9.700.20240602-2313\jars\maven-model-3.9.7.jar
2024-08-13 10:20:53,761 [Worker-18: Launching projectmanagement (2)] INFO  o.eclipse.m2e.core.internal.Bundles - 	Entry: C:\Users\swapnali\OneDrive\Desktop\sts-4.23.0.RELEASE\plugins\org.eclipse.m2e.maven.runtime_3.9.700.20240602-2313\jars\maven-model-builder-3.9.7.jar
2024-08-13 10:20:53,761 [Worker-18: Launching projectmanagement (2)] INFO  o.eclipse.m2e.core.internal.Bundles - 	Entry: C:\Users\swapnali\OneDrive\Desktop\sts-4.23.0.RELEASE\plugins\org.eclipse.m2e.maven.runtime_3.9.700.20240602-2313\jars\maven-plugin-api-3.9.7.jar
2024-08-13 10:20:53,762 [Worker-18: Launching projectmanagement (2)] INFO  o.eclipse.m2e.core.internal.Bundles - 	Entry: C:\Users\swapnali\OneDrive\Desktop\sts-4.23.0.RELEASE\plugins\org.eclipse.m2e.maven.runtime_3.9.700.20240602-2313\jars\maven-repository-metadata-3.9.7.jar
2024-08-13 10:20:53,762 [Worker-18: Launching projectmanagement (2)] INFO  o.eclipse.m2e.core.internal.Bundles - 	Entry: C:\Users\swapnali\OneDrive\Desktop\sts-4.23.0.RELEASE\plugins\org.eclipse.m2e.maven.runtime_3.9.700.20240602-2313\jars\maven-resolver-api-1.9.20.jar
2024-08-13 10:20:53,763 [Worker-18: Launching projectmanagement (2)] INFO  o.eclipse.m2e.core.internal.Bundles - 	Entry: C:\Users\swapnali\OneDrive\Desktop\sts-4.23.0.RELEASE\plugins\org.eclipse.m2e.maven.runtime_3.9.700.20240602-2313\jars\maven-resolver-connector-basic-1.9.20.jar
2024-08-13 10:20:53,763 [Worker-18: Launching projectmanagement (2)] INFO  o.eclipse.m2e.core.internal.Bundles - 	Entry: C:\Users\swapnali\OneDrive\Desktop\sts-4.23.0.RELEASE\plugins\org.eclipse.m2e.maven.runtime_3.9.700.20240602-2313\jars\maven-resolver-impl-1.9.20.jar
2024-08-13 10:20:53,764 [Worker-18: Launching projectmanagement (2)] INFO  o.eclipse.m2e.core.internal.Bundles - 	Entry: C:\Users\swapnali\OneDrive\Desktop\sts-4.23.0.RELEASE\plugins\org.eclipse.m2e.maven.runtime_3.9.700.20240602-2313\jars\maven-resolver-named-locks-1.9.20.jar
2024-08-13 10:20:53,764 [Worker-18: Launching projectmanagement (2)] INFO  o.eclipse.m2e.core.internal.Bundles - 	Entry: C:\Users\swapnali\OneDrive\Desktop\sts-4.23.0.RELEASE\plugins\org.eclipse.m2e.maven.runtime_3.9.700.20240602-2313\jars\maven-resolver-provider-3.9.7.jar
2024-08-13 10:20:53,765 [Worker-18: Launching projectmanagement (2)] INFO  o.eclipse.m2e.core.internal.Bundles - 	Entry: C:\Users\swapnali\OneDrive\Desktop\sts-4.23.0.RELEASE\plugins\org.eclipse.m2e.maven.runtime_3.9.700.20240602-2313\jars\maven-resolver-spi-1.9.20.jar
2024-08-13 10:20:53,765 [Worker-18: Launching projectmanagement (2)] INFO  o.eclipse.m2e.core.internal.Bundles - 	Entry: C:\Users\swapnali\OneDrive\Desktop\sts-4.23.0.RELEASE\plugins\org.eclipse.m2e.maven.runtime_3.9.700.20240602-2313\jars\maven-resolver-transport-file-1.9.20.jar
2024-08-13 10:20:53,765 [Worker-18: Launching projectmanagement (2)] INFO  o.eclipse.m2e.core.internal.Bundles - 	Entry: C:\Users\swapnali\OneDrive\Desktop\sts-4.23.0.RELEASE\plugins\org.eclipse.m2e.maven.runtime_3.9.700.20240602-2313\jars\maven-resolver-transport-http-1.9.20.jar
2024-08-13 10:20:53,765 [Worker-18: Launching projectmanagement (2)] INFO  o.eclipse.m2e.core.internal.Bundles - 	Entry: C:\Users\swapnali\OneDrive\Desktop\sts-4.23.0.RELEASE\plugins\org.eclipse.m2e.maven.runtime_3.9.700.20240602-2313\jars\maven-resolver-transport-wagon-1.9.20.jar
2024-08-13 10:20:53,766 [Worker-18: Launching projectmanagement (2)] INFO  o.eclipse.m2e.core.internal.Bundles - 	Entry: C:\Users\swapnali\OneDrive\Desktop\sts-4.23.0.RELEASE\plugins\org.eclipse.m2e.maven.runtime_3.9.700.20240602-2313\jars\maven-resolver-util-1.9.20.jar
2024-08-13 10:20:53,766 [Worker-18: Launching projectmanagement (2)] INFO  o.eclipse.m2e.core.internal.Bundles - 	Entry: C:\Users\swapnali\OneDrive\Desktop\sts-4.23.0.RELEASE\plugins\org.eclipse.m2e.maven.runtime_3.9.700.20240602-2313\jars\maven-settings-3.9.7.jar
2024-08-13 10:20:53,766 [Worker-18: Launching projectmanagement (2)] INFO  o.eclipse.m2e.core.internal.Bundles - 	Entry: C:\Users\swapnali\OneDrive\Desktop\sts-4.23.0.RELEASE\plugins\org.eclipse.m2e.maven.runtime_3.9.700.20240602-2313\jars\maven-settings-builder-3.9.7.jar
2024-08-13 10:20:53,766 [Worker-18: Launching projectmanagement (2)] INFO  o.eclipse.m2e.core.internal.Bundles - 	Entry: C:\Users\swapnali\OneDrive\Desktop\sts-4.23.0.RELEASE\plugins\org.eclipse.m2e.maven.runtime_3.9.700.20240602-2313\jars\maven-shared-utils-3.4.2.jar
2024-08-13 10:20:53,767 [Worker-18: Launching projectmanagement (2)] INFO  o.eclipse.m2e.core.internal.Bundles - 	Entry: C:\Users\swapnali\OneDrive\Desktop\sts-4.23.0.RELEASE\plugins\org.eclipse.m2e.maven.runtime_3.9.700.20240602-2313\jars\org.eclipse.sisu.inject-0.9.0.M2.jar
2024-08-13 10:20:53,767 [Worker-18: Launching projectmanagement (2)] INFO  o.eclipse.m2e.core.internal.Bundles - 	Entry: C:\Users\swapnali\OneDrive\Desktop\sts-4.23.0.RELEASE\plugins\org.eclipse.m2e.maven.runtime_3.9.700.20240602-2313\jars\org.eclipse.sisu.plexus-0.9.0.M2.jar
2024-08-13 10:20:53,767 [Worker-18: Launching projectmanagement (2)] INFO  o.eclipse.m2e.core.internal.Bundles - 	Entry: C:\Users\swapnali\OneDrive\Desktop\sts-4.23.0.RELEASE\plugins\org.eclipse.m2e.maven.runtime_3.9.700.20240602-2313\jars\plexus-build-api-0.0.7.jar
2024-08-13 10:20:53,768 [Worker-18: Launching projectmanagement (2)] INFO  o.eclipse.m2e.core.internal.Bundles - 	Entry: C:\Users\swapnali\OneDrive\Desktop\sts-4.23.0.RELEASE\plugins\org.eclipse.m2e.maven.runtime_3.9.700.20240602-2313\jars\plexus-build-api-1.2.0.jar
2024-08-13 10:20:53,768 [Worker-18: Launching projectmanagement (2)] INFO  o.eclipse.m2e.core.internal.Bundles - 	Entry: C:\Users\swapnali\OneDrive\Desktop\sts-4.23.0.RELEASE\plugins\org.eclipse.m2e.maven.runtime_3.9.700.20240602-2313\jars\plexus-cipher-2.0.jar
2024-08-13 10:20:53,768 [Worker-18: Launching projectmanagement (2)] INFO  o.eclipse.m2e.core.internal.Bundles - 	Entry: C:\Users\swapnali\OneDrive\Desktop\sts-4.23.0.RELEASE\plugins\org.eclipse.m2e.maven.runtime_3.9.700.20240602-2313\jars\plexus-classworlds-2.8.0.jar
2024-08-13 10:20:53,769 [Worker-18: Launching projectmanagement (2)] INFO  o.eclipse.m2e.core.internal.Bundles - 	Entry: C:\Users\swapnali\OneDrive\Desktop\sts-4.23.0.RELEASE\plugins\org.eclipse.m2e.maven.runtime_3.9.700.20240602-2313\jars\plexus-component-annotations-2.1.0.jar
2024-08-13 10:20:53,769 [Worker-18: Launching projectmanagement (2)] INFO  o.eclipse.m2e.core.internal.Bundles - 	Entry: C:\Users\swapnali\OneDrive\Desktop\sts-4.23.0.RELEASE\plugins\org.eclipse.m2e.maven.runtime_3.9.700.20240602-2313\jars\plexus-interpolation-1.27.jar
2024-08-13 10:20:53,770 [Worker-18: Launching projectmanagement (2)] INFO  o.eclipse.m2e.core.internal.Bundles - 	Entry: C:\Users\swapnali\OneDrive\Desktop\sts-4.23.0.RELEASE\plugins\org.eclipse.m2e.maven.runtime_3.9.700.20240602-2313\jars\plexus-sec-dispatcher-2.0.jar
2024-08-13 10:20:53,771 [Worker-18: Launching projectmanagement (2)] INFO  o.eclipse.m2e.core.internal.Bundles - 	Entry: C:\Users\swapnali\OneDrive\Desktop\sts-4.23.0.RELEASE\plugins\org.eclipse.m2e.maven.runtime_3.9.700.20240602-2313\jars\plexus-utils-3.5.1.jar
2024-08-13 10:20:53,772 [Worker-18: Launching projectmanagement (2)] INFO  o.eclipse.m2e.core.internal.Bundles - 	Entry: C:\Users\swapnali\OneDrive\Desktop\sts-4.23.0.RELEASE\plugins\org.eclipse.m2e.maven.runtime_3.9.700.20240602-2313\jars\wagon-file-3.5.3.jar
2024-08-13 10:20:53,772 [Worker-18: Launching projectmanagement (2)] INFO  o.eclipse.m2e.core.internal.Bundles - 	Entry: C:\Users\swapnali\OneDrive\Desktop\sts-4.23.0.RELEASE\plugins\org.eclipse.m2e.maven.runtime_3.9.700.20240602-2313\jars\wagon-http-3.5.3.jar
2024-08-13 10:20:53,773 [Worker-18: Launching projectmanagement (2)] INFO  o.eclipse.m2e.core.internal.Bundles - 	Entry: C:\Users\swapnali\OneDrive\Desktop\sts-4.23.0.RELEASE\plugins\org.eclipse.m2e.maven.runtime_3.9.700.20240602-2313\jars\wagon-http-shared-3.5.3.jar
2024-08-13 10:20:53,773 [Worker-18: Launching projectmanagement (2)] INFO  o.eclipse.m2e.core.internal.Bundles - 	Entry: C:\Users\swapnali\OneDrive\Desktop\sts-4.23.0.RELEASE\plugins\org.eclipse.m2e.maven.runtime_3.9.700.20240602-2313\jars\wagon-provider-api-3.5.3.jar
2024-08-13 10:20:53,773 [Worker-18: Launching projectmanagement (2)] INFO  o.eclipse.m2e.core.internal.Bundles - getClasspathEntries(Bundle=com.google.guava_33.2.0.jre [29])
2024-08-13 10:20:53,774 [Worker-18: Launching projectmanagement (2)] INFO  o.eclipse.m2e.core.internal.Bundles - 	Entry: C:\Users\swapnali\OneDrive\Desktop\sts-4.23.0.RELEASE\plugins\com.google.guava_33.2.0.jre.jar
2024-08-13 10:20:53,774 [Worker-18: Launching projectmanagement (2)] INFO  o.eclipse.m2e.core.internal.Bundles - getClasspathEntries(Bundle=slf4j.api_2.0.13 [592])
2024-08-13 10:20:53,775 [Worker-18: Launching projectmanagement (2)] INFO  o.eclipse.m2e.core.internal.Bundles - 	Entry: C:\Users\swapnali\OneDrive\Desktop\sts-4.23.0.RELEASE\plugins\slf4j.api_2.0.13.jar
2024-08-13 10:20:53,775 [Worker-18: Launching projectmanagement (2)] INFO  o.eclipse.m2e.core.internal.Bundles - getClasspathEntries(Bundle=jakarta.inject.jakarta.inject-api_1.0.5 [44])
2024-08-13 10:20:53,776 [Worker-18: Launching projectmanagement (2)] INFO  o.eclipse.m2e.core.internal.Bundles - 	Entry: C:\Users\swapnali\OneDrive\Desktop\sts-4.23.0.RELEASE\plugins\jakarta.inject.jakarta.inject-api_1.0.5.jar
2024-08-13 10:20:53,776 [Worker-18: Launching projectmanagement (2)] INFO  o.eclipse.m2e.core.internal.Bundles - getClasspathEntries(Bundle=javax.annotation_1.3.5.v20200909-1856 [53])
2024-08-13 10:20:53,777 [Worker-18: Launching projectmanagement (2)] INFO  o.eclipse.m2e.core.internal.Bundles - 	Entry: C:\Users\swapnali\OneDrive\Desktop\sts-4.23.0.RELEASE\plugins\javax.annotation_1.3.5.v20200909-1856.jar
2024-08-13 10:20:53,778 [Worker-18: Launching projectmanagement (2)] INFO  o.eclipse.m2e.core.internal.Bundles - getClasspathEntries(Bundle=org.apache.commons.cli_1.8.0 [76])
2024-08-13 10:20:53,779 [Worker-18: Launching projectmanagement (2)] INFO  o.eclipse.m2e.core.internal.Bundles - 	Entry: C:\Users\swapnali\OneDrive\Desktop\sts-4.23.0.RELEASE\plugins\org.apache.commons.cli_1.8.0.jar
2024-08-13 10:20:53,779 [Worker-18: Launching projectmanagement (2)] INFO  o.eclipse.m2e.core.internal.Bundles - getClasspathEntries(Bundle=org.apache.commons.commons-codec_1.16.0 [78])
2024-08-13 10:20:53,780 [Worker-18: Launching projectmanagement (2)] INFO  o.eclipse.m2e.core.internal.Bundles - 	Entry: C:\Users\swapnali\OneDrive\Desktop\sts-4.23.0.RELEASE\plugins\org.apache.commons.commons-codec_1.16.0.jar
2024-08-13 10:20:53,780 [Worker-18: Launching projectmanagement (2)] INFO  o.eclipse.m2e.core.internal.Bundles - getClasspathEntries(Bundle=org.apache.commons.lang3_3.14.0 [82])
2024-08-13 10:20:53,780 [Worker-18: Launching projectmanagement (2)] INFO  o.eclipse.m2e.core.internal.Bundles - 	Entry: C:\Users\swapnali\OneDrive\Desktop\sts-4.23.0.RELEASE\plugins\org.apache.commons.lang3_3.14.0.jar
2024-08-13 10:20:53,781 [Worker-18: Launching projectmanagement (2)] INFO  o.eclipse.m2e.core.internal.Bundles - getClasspathEntries(Bundle=com.google.guava.failureaccess_1.0.2 [30])
2024-08-13 10:20:53,782 [Worker-18: Launching projectmanagement (2)] INFO  o.eclipse.m2e.core.internal.Bundles - 	Entry: C:\Users\swapnali\OneDrive\Desktop\sts-4.23.0.RELEASE\plugins\com.google.guava.failureaccess_1.0.2.jar
2024-08-13 10:20:53,786 [Worker-18: Launching projectmanagement (2)] INFO  o.e.m.i.launch.MavenLaunchDelegate - Run build in "C:\Users\swapnali\OneDrive\Desktop\Atoms-Unified Management System\For Trials\projectmanagement":
2024-08-13 10:20:53,786 [Worker-18: Launching projectmanagement (2)] INFO  o.e.m.i.launch.MavenLaunchDelegate -  mvn  -B -Dstyle.color=always clean package
2024-08-13 10:21:35,589 [Worker-19: Building] ERROR o.e.m.c.i.URLConnectionCaches - Unexpected URLConnection defaultUseCaches enabled
